# JRE version: OpenJDK Runtime Environment Temurin-21.0.8+9 (21.0.8+9) (build 21.0.8+9-LTS)
# Java VM: OpenJDK 64-Bit Server VM Temurin-21.0.8+9 (21.0.8+9-LTS, mixed mode, sharing, tiered, compressed oops, compressed class ptrs, parallel gc, windows-amd64)
GC Precious Log:
 CardTable entry size: 512
 CPUs: 4 total, 4 available
 Memory: 4006M
 Large Page Support: Disabled
 NUMA Support: Disabled
 Compressed Oops: Enabled (32-bit)
 Alignments: Space 512K, Generation 512K, Heap 2M
 Heap Min Capacity: 100M
 Heap Initial Capacity: 100M
 Heap Max Capacity: 2G
 Pre-touch: Disabled
 Parallel Workers: 4
Heap:
 PSYoungGen      total 4096K, used 1131K [0x00000000d5580000, 0x00000000d5e80000, 0x0000000100000000)
  eden space 3584K, 28% used [0x00000000d5580000,0x00000000d567af60,0x00000000d5900000)
  from space 512K, 25% used [0x00000000d5d80000,0x00000000d5da0000,0x00000000d5e00000)
  to   space 512K, 0% used [0x00000000d5e00000,0x00000000d5e00000,0x00000000d5e80000)
 ParOldGen       total 197632K, used 139562K [0x0000000080000000, 0x000000008c100000, 0x00000000d5580000)
  object space 197632K, 70% used [0x0000000080000000,0x000000008884ab48,0x000000008c100000)
 Metaspace       used 81051K, committed 82688K, reserved 1179648K
  class space    used 8416K, committed 9216K, reserved 1048576K
GC Heap History (20 events):
Event: 5108.720 GC heap before
{Heap before GC invocations=296 (full 4):
 PSYoungGen      total 6144K, used 6143K [0x00000000d5580000, 0x00000000d6200000, 0x0000000100000000)
  eden space 3584K, 99% used [0x00000000d5580000,0x00000000d58fffe0,0x00000000d5900000)
  from space 2560K, 100% used [0x00000000d5900000,0x00000000d5b80000,0x00000000d5b80000)
  to   space 4608K, 0% used [0x00000000d5d80000,0x00000000d5d80000,0x00000000d6200000)
 ParOldGen       total 197632K, used 129605K [0x0000000080000000, 0x000000008c100000, 0x00000000d5580000)
  object space 197632K, 65% used [0x0000000080000000,0x0000000087e91468,0x000000008c100000)
 Metaspace       used 80865K, committed 82560K, reserved 1179648K
  class space    used 8416K, committed 9216K, reserved 1048576K
}
Event: 5108.747 GC heap after
{Heap after GC invocations=296 (full 4):
 PSYoungGen      total 6144K, used 2368K [0x00000000d5580000, 0x00000000d6000000, 0x0000000100000000)
  eden space 3584K, 0% used [0x00000000d5580000,0x00000000d5580000,0x00000000d5900000)
  from space 2560K, 92% used [0x00000000d5d80000,0x00000000d5fd0000,0x00000000d6000000)
  to   space 3072K, 0% used [0x00000000d5a00000,0x00000000d5a00000,0x00000000d5d00000)
 ParOldGen       total 197632K, used 132197K [0x0000000080000000, 0x000000008c100000, 0x00000000d5580000)
  object space 197632K, 66% used [0x0000000080000000,0x0000000088119468,0x000000008c100000)
 Metaspace       used 80865K, committed 82560K, reserved 1179648K
  class space    used 8416K, committed 9216K, reserved 1048576K
}
Event: 5108.820 GC heap before
{Heap before GC invocations=297 (full 4):
 PSYoungGen      total 6144K, used 5952K [0x00000000d5580000, 0x00000000d6000000, 0x0000000100000000)
  eden space 3584K, 100% used [0x00000000d5580000,0x00000000d5900000,0x00000000d5900000)
  from space 2560K, 92% used [0x00000000d5d80000,0x00000000d5fd0000,0x00000000d6000000)
  to   space 3072K, 0% used [0x00000000d5a00000,0x00000000d5a00000,0x00000000d5d00000)
 ParOldGen       total 197632K, used 132197K [0x0000000080000000, 0x000000008c100000, 0x00000000d5580000)
  object space 197632K, 66% used [0x0000000080000000,0x0000000088119468,0x000000008c100000)
 Metaspace       used 80877K, committed 82560K, reserved 1179648K
  class space    used 8416K, committed 9216K, reserved 1048576K
}
Event: 5108.847 GC heap after
{Heap after GC invocations=297 (full 4):
 PSYoungGen      total 6656K, used 3043K [0x00000000d5580000, 0x00000000d6500000, 0x0000000100000000)
  eden space 3584K, 0% used [0x00000000d5580000,0x00000000d5580000,0x00000000d5900000)
  from space 3072K, 99% used [0x00000000d5a00000,0x00000000d5cf8d60,0x00000000d5d00000)
  to   space 6144K, 0% used [0x00000000d5f00000,0x00000000d5f00000,0x00000000d6500000)
 ParOldGen       total 197632K, used 134658K [0x0000000080000000, 0x000000008c100000, 0x00000000d5580000)
  object space 197632K, 68% used [0x0000000080000000,0x00000000883808f8,0x000000008c100000)
 Metaspace       used 80877K, committed 82560K, reserved 1179648K
  class space    used 8416K, committed 9216K, reserved 1048576K
}
Event: 5109.640 GC heap before
{Heap before GC invocations=298 (full 4):
 PSYoungGen      total 6656K, used 6611K [0x00000000d5580000, 0x00000000d6500000, 0x0000000100000000)
  eden space 3584K, 99% used [0x00000000d5580000,0x00000000d58fc048,0x00000000d5900000)
  from space 3072K, 99% used [0x00000000d5a00000,0x00000000d5cf8d60,0x00000000d5d00000)
  to   space 6144K, 0% used [0x00000000d5f00000,0x00000000d5f00000,0x00000000d6500000)
 ParOldGen       total 197632K, used 134658K [0x0000000080000000, 0x000000008c100000, 0x00000000d5580000)
  object space 197632K, 68% used [0x0000000080000000,0x00000000883808f8,0x000000008c100000)
 Metaspace       used 80877K, committed 82560K, reserved 1179648K
  class space    used 8416K, committed 9216K, reserved 1048576K
}
Event: 5109.677 GC heap after
{Heap after GC invocations=298 (full 4):
 PSYoungGen      total 5120K, used 1216K [0x00000000d5580000, 0x00000000d6080000, 0x0000000100000000)
  eden space 3584K, 0% used [0x00000000d5580000,0x00000000d5580000,0x00000000d5900000)
  from space 1536K, 79% used [0x00000000d5f00000,0x00000000d6030000,0x00000000d6080000)
  to   space 3072K, 0% used [0x00000000d5a80000,0x00000000d5a80000,0x00000000d5d80000)
 ParOldGen       total 197632K, used 137685K [0x0000000080000000, 0x000000008c100000, 0x00000000d5580000)
  object space 197632K, 69% used [0x0000000080000000,0x0000000088675658,0x000000008c100000)
 Metaspace       used 80877K, committed 82560K, reserved 1179648K
  class space    used 8416K, committed 9216K, reserved 1048576K
}
Event: 5109.874 GC heap before
{Heap before GC invocations=299 (full 4):
 PSYoungGen      total 5120K, used 4800K [0x00000000d5580000, 0x00000000d6080000, 0x0000000100000000)
  eden space 3584K, 100% used [0x00000000d5580000,0x00000000d5900000,0x00000000d5900000)
  from space 1536K, 79% used [0x00000000d5f00000,0x00000000d6030000,0x00000000d6080000)
  to   space 3072K, 0% used [0x00000000d5a80000,0x00000000d5a80000,0x00000000d5d80000)
 ParOldGen       total 197632K, used 137685K [0x0000000080000000, 0x000000008c100000, 0x00000000d5580000)
  object space 197632K, 69% used [0x0000000080000000,0x0000000088675658,0x000000008c100000)
 Metaspace       used 80897K, committed 82560K, reserved 1179648K
  class space    used 8416K, committed 9216K, reserved 1048576K
}
Event: 5109.888 GC heap after
{Heap after GC invocations=299 (full 4):
 PSYoungGen      total 6656K, used 576K [0x00000000d5580000, 0x00000000d5f80000, 0x0000000100000000)
  eden space 3584K, 0% used [0x00000000d5580000,0x00000000d5580000,0x00000000d5900000)
  from space 3072K, 18% used [0x00000000d5a80000,0x00000000d5b10000,0x00000000d5d80000)
  to   space 1536K, 0% used [0x00000000d5e00000,0x00000000d5e00000,0x00000000d5f80000)
 ParOldGen       total 197632K, used 138813K [0x0000000080000000, 0x000000008c100000, 0x00000000d5580000)
  object space 197632K, 70% used [0x0000000080000000,0x000000008878f658,0x000000008c100000)
 Metaspace       used 80897K, committed 82560K, reserved 1179648K
  class space    used 8416K, committed 9216K, reserved 1048576K
}
Event: 5111.642 GC heap before
{Heap before GC invocations=300 (full 4):
 PSYoungGen      total 6656K, used 4159K [0x00000000d5580000, 0x00000000d5f80000, 0x0000000100000000)
  eden space 3584K, 99% used [0x00000000d5580000,0x00000000d58fffe0,0x00000000d5900000)
  from space 3072K, 18% used [0x00000000d5a80000,0x00000000d5b10000,0x00000000d5d80000)
  to   space 1536K, 0% used [0x00000000d5e00000,0x00000000d5e00000,0x00000000d5f80000)
 ParOldGen       total 197632K, used 138813K [0x0000000080000000, 0x000000008c100000, 0x00000000d5580000)
  object space 197632K, 70% used [0x0000000080000000,0x000000008878f658,0x000000008c100000)
 Metaspace       used 80912K, committed 82560K, reserved 1179648K
  class space    used 8416K, committed 9216K, reserved 1048576K
}
Event: 5111.652 GC heap after
{Heap after GC invocations=300 (full 4):
 PSYoungGen      total 4096K, used 400K [0x00000000d5580000, 0x00000000d5e80000, 0x0000000100000000)
  eden space 3584K, 0% used [0x00000000d5580000,0x00000000d5580000,0x00000000d5900000)
  from space 512K, 78% used [0x00000000d5e00000,0x00000000d5e64010,0x00000000d5e80000)
  to   space 1024K, 0% used [0x00000000d5c80000,0x00000000d5c80000,0x00000000d5d80000)
 ParOldGen       total 197632K, used 138837K [0x0000000080000000, 0x000000008c100000, 0x00000000d5580000)
  object space 197632K, 70% used [0x0000000080000000,0x0000000088795658,0x000000008c100000)
 Metaspace       used 80912K, committed 82560K, reserved 1179648K
  class space    used 8416K, committed 9216K, reserved 1048576K
}
Event: 79676.309 GC heap before
{Heap before GC invocations=301 (full 4):
 PSYoungGen      total 4096K, used 3984K [0x00000000d5580000, 0x00000000d5e80000, 0x0000000100000000)
  eden space 3584K, 100% used [0x00000000d5580000,0x00000000d5900000,0x00000000d5900000)
  from space 512K, 78% used [0x00000000d5e00000,0x00000000d5e64010,0x00000000d5e80000)
  to   space 1024K, 0% used [0x00000000d5c80000,0x00000000d5c80000,0x00000000d5d80000)
 ParOldGen       total 197632K, used 138837K [0x0000000080000000, 0x000000008c100000, 0x00000000d5580000)
  object space 197632K, 70% used [0x0000000080000000,0x0000000088795658,0x000000008c100000)
 Metaspace       used 80959K, committed 82624K, reserved 1179648K
  class space    used 8416K, committed 9216K, reserved 1048576K
}
Event: 79676.653 GC heap after
{Heap after GC invocations=301 (full 4):
 PSYoungGen      total 4608K, used 448K [0x00000000d5580000, 0x00000000d5e80000, 0x0000000100000000)
  eden space 3584K, 0% used [0x00000000d5580000,0x00000000d5580000,0x00000000d5900000)
  from space 1024K, 43% used [0x00000000d5c80000,0x00000000d5cf0020,0x00000000d5d80000)
  to   space 512K, 0% used [0x00000000d5e00000,0x00000000d5e00000,0x00000000d5e80000)
 ParOldGen       total 197632K, used 138869K [0x0000000080000000, 0x000000008c100000, 0x00000000d5580000)
  object space 197632K, 70% used [0x0000000080000000,0x000000008879d658,0x000000008c100000)
 Metaspace       used 80959K, committed 82624K, reserved 1179648K
  class space    used 8416K, committed 9216K, reserved 1048576K
}
Event: 79682.771 GC heap before
{Heap before GC invocations=302 (full 4):
 PSYoungGen      total 4608K, used 4032K [0x00000000d5580000, 0x00000000d5e80000, 0x0000000100000000)
  eden space 3584K, 100% used [0x00000000d5580000,0x00000000d5900000,0x00000000d5900000)
  from space 1024K, 43% used [0x00000000d5c80000,0x00000000d5cf0020,0x00000000d5d80000)
  to   space 512K, 0% used [0x00000000d5e00000,0x00000000d5e00000,0x00000000d5e80000)
 ParOldGen       total 197632K, used 138869K [0x0000000080000000, 0x000000008c100000, 0x00000000d5580000)
  object space 197632K, 70% used [0x0000000080000000,0x000000008879d658,0x000000008c100000)
 Metaspace       used 81019K, committed 82688K, reserved 1179648K
  class space    used 8416K, committed 9216K, reserved 1048576K
}
Event: 79682.793 GC heap after
{Heap after GC invocations=302 (full 4):
 PSYoungGen      total 4096K, used 192K [0x00000000d5580000, 0x00000000d5e80000, 0x0000000100000000)
  eden space 3584K, 0% used [0x00000000d5580000,0x00000000d5580000,0x00000000d5900000)
  from space 512K, 37% used [0x00000000d5e00000,0x00000000d5e30020,0x00000000d5e80000)
  to   space 512K, 0% used [0x00000000d5d80000,0x00000000d5d80000,0x00000000d5e00000)
 ParOldGen       total 197632K, used 138973K [0x0000000080000000, 0x000000008c100000, 0x00000000d5580000)
  object space 197632K, 70% used [0x0000000080000000,0x00000000887b7678,0x000000008c100000)
 Metaspace       used 81019K, committed 82688K, reserved 1179648K
  class space    used 8416K, committed 9216K, reserved 1048576K
}
Event: 79683.240 GC heap before
{Heap before GC invocations=303 (full 4):
 PSYoungGen      total 4096K, used 3772K [0x00000000d5580000, 0x00000000d5e80000, 0x0000000100000000)
  eden space 3584K, 99% used [0x00000000d5580000,0x00000000d58ff1c0,0x00000000d5900000)
  from space 512K, 37% used [0x00000000d5e00000,0x00000000d5e30020,0x00000000d5e80000)
  to   space 512K, 0% used [0x00000000d5d80000,0x00000000d5d80000,0x00000000d5e00000)
 ParOldGen       total 197632K, used 138973K [0x0000000080000000, 0x000000008c100000, 0x00000000d5580000)
  object space 197632K, 70% used [0x0000000080000000,0x00000000887b7678,0x000000008c100000)
 Metaspace       used 81037K, committed 82688K, reserved 1179648K
  class space    used 8416K, committed 9216K, reserved 1048576K
}
Event: 79683.260 GC heap after
{Heap after GC invocations=303 (full 4):
 PSYoungGen      total 4096K, used 480K [0x00000000d5580000, 0x00000000d5e80000, 0x0000000100000000)
  eden space 3584K, 0% used [0x00000000d5580000,0x00000000d5580000,0x00000000d5900000)
  from space 512K, 93% used [0x00000000d5d80000,0x00000000d5df8020,0x00000000d5e00000)
  to   space 512K, 0% used [0x00000000d5e00000,0x00000000d5e00000,0x00000000d5e80000)
 ParOldGen       total 197632K, used 139106K [0x0000000080000000, 0x000000008c100000, 0x00000000d5580000)
  object space 197632K, 70% used [0x0000000080000000,0x00000000887d8b18,0x000000008c100000)
 Metaspace       used 81037K, committed 82688K, reserved 1179648K
  class space    used 8416K, committed 9216K, reserved 1048576K
}
Event: 79683.818 GC heap before
{Heap before GC invocations=304 (full 4):
 PSYoungGen      total 4096K, used 4063K [0x00000000d5580000, 0x00000000d5e80000, 0x0000000100000000)
  eden space 3584K, 99% used [0x00000000d5580000,0x00000000d58fffd8,0x00000000d5900000)
  from space 512K, 93% used [0x00000000d5d80000,0x00000000d5df8020,0x00000000d5e00000)
  to   space 512K, 0% used [0x00000000d5e00000,0x00000000d5e00000,0x00000000d5e80000)
 ParOldGen       total 197632K, used 139106K [0x0000000080000000, 0x000000008c100000, 0x00000000d5580000)
  object space 197632K, 70% used [0x0000000080000000,0x00000000887d8b18,0x000000008c100000)
 Metaspace       used 81039K, committed 82688K, reserved 1179648K
  class space    used 8416K, committed 9216K, reserved 1048576K
}
Event: 79683.830 GC heap after
{Heap after GC invocations=304 (full 4):
 PSYoungGen      total 4096K, used 288K [0x00000000d5580000, 0x00000000d5e80000, 0x0000000100000000)
  eden space 3584K, 0% used [0x00000000d5580000,0x00000000d5580000,0x00000000d5900000)
  from space 512K, 56% used [0x00000000d5e00000,0x00000000d5e48000,0x00000000d5e80000)
  to   space 512K, 0% used [0x00000000d5d80000,0x00000000d5d80000,0x00000000d5e00000)
 ParOldGen       total 197632K, used 139538K [0x0000000080000000, 0x000000008c100000, 0x00000000d5580000)
  object space 197632K, 70% used [0x0000000080000000,0x0000000088844b48,0x000000008c100000)
 Metaspace       used 81039K, committed 82688K, reserved 1179648K
  class space    used 8416K, committed 9216K, reserved 1048576K
}
Event: 79720.847 GC heap before
{Heap before GC invocations=305 (full 4):
 PSYoungGen      total 4096K, used 3872K [0x00000000d5580000, 0x00000000d5e80000, 0x0000000100000000)
  eden space 3584K, 100% used [0x00000000d5580000,0x00000000d5900000,0x00000000d5900000)
  from space 512K, 56% used [0x00000000d5e00000,0x00000000d5e48000,0x00000000d5e80000)
  to   space 512K, 0% used [0x00000000d5d80000,0x00000000d5d80000,0x00000000d5e00000)
 ParOldGen       total 197632K, used 139538K [0x0000000080000000, 0x000000008c100000, 0x00000000d5580000)
  object space 197632K, 70% used [0x0000000080000000,0x0000000088844b48,0x000000008c100000)
 Metaspace       used 81049K, committed 82688K, reserved 1179648K
  class space    used 8416K, committed 9216K, reserved 1048576K
}
Event: 79720.981 GC heap after
{Heap after GC invocations=305 (full 4):
 PSYoungGen      total 4096K, used 128K [0x00000000d5580000, 0x00000000d5e80000, 0x0000000100000000)
  eden space 3584K, 0% used [0x00000000d5580000,0x00000000d5580000,0x00000000d5900000)
  from space 512K, 25% used [0x00000000d5d80000,0x00000000d5da0000,0x00000000d5e00000)
  to   space 512K, 0% used [0x00000000d5e00000,0x00000000d5e00000,0x00000000d5e80000)
 ParOldGen       total 197632K, used 139562K [0x0000000080000000, 0x000000008c100000, 0x00000000d5580000)
  object space 197632K, 70% used [0x0000000080000000,0x000000008884ab48,0x000000008c100000)
 Metaspace       used 81049K, committed 82688K, reserved 1179648K
  class space    used 8416K, committed 9216K, reserved 1048576K
}

