# JRE version: OpenJDK Runtime Environment Temurin-21.0.8+9 (21.0.8+9) (build 21.0.8+9-LTS)
# Java VM: OpenJDK 64-Bit Server VM Temurin-21.0.8+9 (21.0.8+9-LTS, mixed mode, sharing, tiered, compressed oops, compressed class ptrs, parallel gc, windows-amd64)
GC Precious Log:
 CardTable entry size: 512
 CPUs: 4 total, 4 available
 Memory: 4006M
 Large Page Support: Disabled
 NUMA Support: Disabled
 Compressed Oops: Enabled (32-bit)
 Alignments: Space 512K, Generation 512K, Heap 2M
 Heap Min Capacity: 100M
 Heap Initial Capacity: 100M
 Heap Max Capacity: 2G
 Pre-touch: Disabled
 Parallel Workers: 4
Heap:
 PSYoungGen      total 3584K, used 1333K [0x00000000d5580000, 0x00000000d5d00000, 0x0000000100000000)
  eden space 2560K, 15% used [0x00000000d5580000,0x00000000d55e5498,0x00000000d5800000)
  from space 1024K, 90% used [0x00000000d5800000,0x00000000d58e8020,0x00000000d5900000)
  to   space 2048K, 0% used [0x00000000d5b00000,0x00000000d5b00000,0x00000000d5d00000)
 ParOldGen       total 563712K, used 264094K [0x0000000080000000, 0x00000000a2680000, 0x00000000d5580000)
  object space 563712K, 46% used [0x0000000080000000,0x00000000901e7808,0x00000000a2680000)
 Metaspace       used 80127K, committed 81600K, reserved 1179648K
  class space    used 8267K, committed 8960K, reserved 1048576K
GC Heap History (20 events):
Event: 346831.040 GC heap before
{Heap before GC invocations=920 (full 4):
 PSYoungGen      total 8704K, used 8433K [0x00000000d5580000, 0x00000000d5e80000, 0x0000000100000000)
  eden space 8192K, 100% used [0x00000000d5580000,0x00000000d5d80000,0x00000000d5d80000)
  from space 512K, 47% used [0x00000000d5d80000,0x00000000d5dbc780,0x00000000d5e00000)
  to   space 512K, 0% used [0x00000000d5e00000,0x00000000d5e00000,0x00000000d5e80000)
 ParOldGen       total 563712K, used 255056K [0x0000000080000000, 0x00000000a2680000, 0x00000000d5580000)
  object space 563712K, 45% used [0x0000000080000000,0x000000008f914278,0x00000000a2680000)
 Metaspace       used 79841K, committed 81344K, reserved 1179648K
  class space    used 8256K, committed 8960K, reserved 1048576K
}
Event: 346831.233 GC heap after
{Heap after GC invocations=920 (full 4):
 PSYoungGen      total 8704K, used 288K [0x00000000d5580000, 0x00000000d5e80000, 0x0000000100000000)
  eden space 8192K, 0% used [0x00000000d5580000,0x00000000d5580000,0x00000000d5d80000)
  from space 512K, 56% used [0x00000000d5e00000,0x00000000d5e48020,0x00000000d5e80000)
  to   space 512K, 0% used [0x00000000d5d80000,0x00000000d5d80000,0x00000000d5e00000)
 ParOldGen       total 563712K, used 255231K [0x0000000080000000, 0x00000000a2680000, 0x00000000d5580000)
  object space 563712K, 45% used [0x0000000080000000,0x000000008f93fee8,0x00000000a2680000)
 Metaspace       used 79841K, committed 81344K, reserved 1179648K
  class space    used 8256K, committed 8960K, reserved 1048576K
}
Event: 346832.442 GC heap before
{Heap before GC invocations=921 (full 4):
 PSYoungGen      total 8704K, used 8480K [0x00000000d5580000, 0x00000000d5e80000, 0x0000000100000000)
  eden space 8192K, 100% used [0x00000000d5580000,0x00000000d5d80000,0x00000000d5d80000)
  from space 512K, 56% used [0x00000000d5e00000,0x00000000d5e48020,0x00000000d5e80000)
  to   space 512K, 0% used [0x00000000d5d80000,0x00000000d5d80000,0x00000000d5e00000)
 ParOldGen       total 563712K, used 255231K [0x0000000080000000, 0x00000000a2680000, 0x00000000d5580000)
  object space 563712K, 45% used [0x0000000080000000,0x000000008f93fee8,0x00000000a2680000)
 Metaspace       used 79935K, committed 81472K, reserved 1179648K
  class space    used 8259K, committed 8960K, reserved 1048576K
}
Event: 346832.450 GC heap after
{Heap after GC invocations=921 (full 4):
 PSYoungGen      total 8704K, used 320K [0x00000000d5580000, 0x00000000d5e80000, 0x0000000100000000)
  eden space 8192K, 0% used [0x00000000d5580000,0x00000000d5580000,0x00000000d5d80000)
  from space 512K, 62% used [0x00000000d5d80000,0x00000000d5dd01a0,0x00000000d5e00000)
  to   space 512K, 0% used [0x00000000d5e00000,0x00000000d5e00000,0x00000000d5e80000)
 ParOldGen       total 563712K, used 255407K [0x0000000080000000, 0x00000000a2680000, 0x00000000d5580000)
  object space 563712K, 45% used [0x0000000080000000,0x000000008f96bf08,0x00000000a2680000)
 Metaspace       used 79935K, committed 81472K, reserved 1179648K
  class space    used 8259K, committed 8960K, reserved 1048576K
}
Event: 346847.477 GC heap before
{Heap before GC invocations=922 (full 4):
 PSYoungGen      total 8704K, used 8512K [0x00000000d5580000, 0x00000000d5e80000, 0x0000000100000000)
  eden space 8192K, 100% used [0x00000000d5580000,0x00000000d5d80000,0x00000000d5d80000)
  from space 512K, 62% used [0x00000000d5d80000,0x00000000d5dd01a0,0x00000000d5e00000)
  to   space 512K, 0% used [0x00000000d5e00000,0x00000000d5e00000,0x00000000d5e80000)
 ParOldGen       total 563712K, used 255407K [0x0000000080000000, 0x00000000a2680000, 0x00000000d5580000)
  object space 563712K, 45% used [0x0000000080000000,0x000000008f96bf08,0x00000000a2680000)
 Metaspace       used 79972K, committed 81472K, reserved 1179648K
  class space    used 8259K, committed 8960K, reserved 1048576K
}
Event: 346847.487 GC heap after
{Heap after GC invocations=922 (full 4):
 PSYoungGen      total 8704K, used 224K [0x00000000d5580000, 0x00000000d5e80000, 0x0000000100000000)
  eden space 8192K, 0% used [0x00000000d5580000,0x00000000d5580000,0x00000000d5d80000)
  from space 512K, 43% used [0x00000000d5e00000,0x00000000d5e38000,0x00000000d5e80000)
  to   space 512K, 0% used [0x00000000d5d80000,0x00000000d5d80000,0x00000000d5e00000)
 ParOldGen       total 563712K, used 255586K [0x0000000080000000, 0x00000000a2680000, 0x00000000d5580000)
  object space 563712K, 45% used [0x0000000080000000,0x000000008f998af8,0x00000000a2680000)
 Metaspace       used 79972K, committed 81472K, reserved 1179648K
  class space    used 8259K, committed 8960K, reserved 1048576K
}
Event: 346853.081 GC heap before
{Heap before GC invocations=923 (full 4):
 PSYoungGen      total 8704K, used 8416K [0x00000000d5580000, 0x00000000d5e80000, 0x0000000100000000)
  eden space 8192K, 100% used [0x00000000d5580000,0x00000000d5d80000,0x00000000d5d80000)
  from space 512K, 43% used [0x00000000d5e00000,0x00000000d5e38000,0x00000000d5e80000)
  to   space 512K, 0% used [0x00000000d5d80000,0x00000000d5d80000,0x00000000d5e00000)
 ParOldGen       total 563712K, used 255586K [0x0000000080000000, 0x00000000a2680000, 0x00000000d5580000)
  object space 563712K, 45% used [0x0000000080000000,0x000000008f998af8,0x00000000a2680000)
 Metaspace       used 79993K, committed 81536K, reserved 1179648K
  class space    used 8259K, committed 8960K, reserved 1048576K
}
Event: 346853.091 GC heap after
{Heap after GC invocations=923 (full 4):
 PSYoungGen      total 8704K, used 496K [0x00000000d5580000, 0x00000000d5f80000, 0x0000000100000000)
  eden space 8192K, 0% used [0x00000000d5580000,0x00000000d5580000,0x00000000d5d80000)
  from space 512K, 96% used [0x00000000d5d80000,0x00000000d5dfc010,0x00000000d5e00000)
  to   space 1024K, 0% used [0x00000000d5e80000,0x00000000d5e80000,0x00000000d5f80000)
 ParOldGen       total 563712K, used 255626K [0x0000000080000000, 0x00000000a2680000, 0x00000000d5580000)
  object space 563712K, 45% used [0x0000000080000000,0x000000008f9a2af8,0x00000000a2680000)
 Metaspace       used 79993K, committed 81536K, reserved 1179648K
  class space    used 8259K, committed 8960K, reserved 1048576K
}
Event: 346859.600 GC heap before
{Heap before GC invocations=924 (full 4):
 PSYoungGen      total 8704K, used 8688K [0x00000000d5580000, 0x00000000d5f80000, 0x0000000100000000)
  eden space 8192K, 100% used [0x00000000d5580000,0x00000000d5d80000,0x00000000d5d80000)
  from space 512K, 96% used [0x00000000d5d80000,0x00000000d5dfc010,0x00000000d5e00000)
  to   space 1024K, 0% used [0x00000000d5e80000,0x00000000d5e80000,0x00000000d5f80000)
 ParOldGen       total 563712K, used 255626K [0x0000000080000000, 0x00000000a2680000, 0x00000000d5580000)
  object space 563712K, 45% used [0x0000000080000000,0x000000008f9a2af8,0x00000000a2680000)
 Metaspace       used 80007K, committed 81536K, reserved 1179648K
  class space    used 8259K, committed 8960K, reserved 1048576K
}
Event: 346859.606 GC heap after
{Heap after GC invocations=924 (full 4):
 PSYoungGen      total 8704K, used 416K [0x00000000d5580000, 0x00000000d5f00000, 0x0000000100000000)
  eden space 8192K, 0% used [0x00000000d5580000,0x00000000d5580000,0x00000000d5d80000)
  from space 512K, 81% used [0x00000000d5e80000,0x00000000d5ee8000,0x00000000d5f00000)
  to   space 512K, 0% used [0x00000000d5d80000,0x00000000d5d80000,0x00000000d5e00000)
 ParOldGen       total 563712K, used 255690K [0x0000000080000000, 0x00000000a2680000, 0x00000000d5580000)
  object space 563712K, 45% used [0x0000000080000000,0x000000008f9b2af8,0x00000000a2680000)
 Metaspace       used 80007K, committed 81536K, reserved 1179648K
  class space    used 8259K, committed 8960K, reserved 1048576K
}
Event: 347007.570 GC heap before
{Heap before GC invocations=925 (full 4):
 PSYoungGen      total 8704K, used 8608K [0x00000000d5580000, 0x00000000d5f00000, 0x0000000100000000)
  eden space 8192K, 100% used [0x00000000d5580000,0x00000000d5d80000,0x00000000d5d80000)
  from space 512K, 81% used [0x00000000d5e80000,0x00000000d5ee8000,0x00000000d5f00000)
  to   space 512K, 0% used [0x00000000d5d80000,0x00000000d5d80000,0x00000000d5e00000)
 ParOldGen       total 563712K, used 255690K [0x0000000080000000, 0x00000000a2680000, 0x00000000d5580000)
  object space 563712K, 45% used [0x0000000080000000,0x000000008f9b2af8,0x00000000a2680000)
 Metaspace       used 80100K, committed 81600K, reserved 1179648K
  class space    used 8267K, committed 8960K, reserved 1048576K
}
Event: 347007.715 GC heap after
{Heap after GC invocations=925 (full 4):
 PSYoungGen      total 8704K, used 384K [0x00000000d5580000, 0x00000000d5f00000, 0x0000000100000000)
  eden space 8192K, 0% used [0x00000000d5580000,0x00000000d5580000,0x00000000d5d80000)
  from space 512K, 75% used [0x00000000d5d80000,0x00000000d5de0040,0x00000000d5e00000)
  to   space 512K, 0% used [0x00000000d5e80000,0x00000000d5e80000,0x00000000d5f00000)
 ParOldGen       total 563712K, used 255714K [0x0000000080000000, 0x00000000a2680000, 0x00000000d5580000)
  object space 563712K, 45% used [0x0000000080000000,0x000000008f9b8af8,0x00000000a2680000)
 Metaspace       used 80100K, committed 81600K, reserved 1179648K
  class space    used 8267K, committed 8960K, reserved 1048576K
}
Event: 347008.415 GC heap before
{Heap before GC invocations=926 (full 4):
 PSYoungGen      total 8704K, used 8576K [0x00000000d5580000, 0x00000000d5f00000, 0x0000000100000000)
  eden space 8192K, 100% used [0x00000000d5580000,0x00000000d5d80000,0x00000000d5d80000)
  from space 512K, 75% used [0x00000000d5d80000,0x00000000d5de0040,0x00000000d5e00000)
  to   space 512K, 0% used [0x00000000d5e80000,0x00000000d5e80000,0x00000000d5f00000)
 ParOldGen       total 563712K, used 255714K [0x0000000080000000, 0x00000000a2680000, 0x00000000d5580000)
  object space 563712K, 45% used [0x0000000080000000,0x000000008f9b8af8,0x00000000a2680000)
 Metaspace       used 80102K, committed 81600K, reserved 1179648K
  class space    used 8267K, committed 8960K, reserved 1048576K
}
Event: 347008.474 GC heap after
{Heap after GC invocations=926 (full 4):
 PSYoungGen      total 3584K, used 500K [0x00000000d5580000, 0x00000000d6980000, 0x0000000100000000)
  eden space 3072K, 0% used [0x00000000d5580000,0x00000000d5580000,0x00000000d5880000)
  from space 512K, 97% used [0x00000000d5e80000,0x00000000d5efd210,0x00000000d5f00000)
  to   space 6144K, 0% used [0x00000000d5880000,0x00000000d5880000,0x00000000d5e80000)
 ParOldGen       total 563712K, used 260351K [0x0000000080000000, 0x00000000a2680000, 0x00000000d5580000)
  object space 563712K, 46% used [0x0000000080000000,0x000000008fe3fd28,0x00000000a2680000)
 Metaspace       used 80102K, committed 81600K, reserved 1179648K
  class space    used 8267K, committed 8960K, reserved 1048576K
}
Event: 347008.539 GC heap before
{Heap before GC invocations=927 (full 4):
 PSYoungGen      total 3584K, used 3572K [0x00000000d5580000, 0x00000000d6980000, 0x0000000100000000)
  eden space 3072K, 100% used [0x00000000d5580000,0x00000000d5880000,0x00000000d5880000)
  from space 512K, 97% used [0x00000000d5e80000,0x00000000d5efd210,0x00000000d5f00000)
  to   space 6144K, 0% used [0x00000000d5880000,0x00000000d5880000,0x00000000d5e80000)
 ParOldGen       total 563712K, used 260351K [0x0000000080000000, 0x00000000a2680000, 0x00000000d5580000)
  object space 563712K, 46% used [0x0000000080000000,0x000000008fe3fd28,0x00000000a2680000)
 Metaspace       used 80102K, committed 81600K, reserved 1179648K
  class space    used 8267K, committed 8960K, reserved 1048576K
}
Event: 347008.547 GC heap after
{Heap after GC invocations=927 (full 4):
 PSYoungGen      total 4096K, used 611K [0x00000000d5580000, 0x00000000d5f00000, 0x0000000100000000)
  eden space 3072K, 0% used [0x00000000d5580000,0x00000000d5580000,0x00000000d5880000)
  from space 1024K, 59% used [0x00000000d5880000,0x00000000d5918d60,0x00000000d5980000)
  to   space 2560K, 0% used [0x00000000d5c80000,0x00000000d5c80000,0x00000000d5f00000)
 ParOldGen       total 563712K, used 260439K [0x0000000080000000, 0x00000000a2680000, 0x00000000d5580000)
  object space 563712K, 46% used [0x0000000080000000,0x000000008fe55d38,0x00000000a2680000)
 Metaspace       used 80102K, committed 81600K, reserved 1179648K
  class space    used 8267K, committed 8960K, reserved 1048576K
}
Event: 347008.597 GC heap before
{Heap before GC invocations=928 (full 4):
 PSYoungGen      total 4096K, used 3683K [0x00000000d5580000, 0x00000000d5f00000, 0x0000000100000000)
  eden space 3072K, 100% used [0x00000000d5580000,0x00000000d5880000,0x00000000d5880000)
  from space 1024K, 59% used [0x00000000d5880000,0x00000000d5918d60,0x00000000d5980000)
  to   space 2560K, 0% used [0x00000000d5c80000,0x00000000d5c80000,0x00000000d5f00000)
 ParOldGen       total 563712K, used 260439K [0x0000000080000000, 0x00000000a2680000, 0x00000000d5580000)
  object space 563712K, 46% used [0x0000000080000000,0x000000008fe55d38,0x00000000a2680000)
 Metaspace       used 80102K, committed 81600K, reserved 1179648K
  class space    used 8267K, committed 8960K, reserved 1048576K
}
Event: 347008.616 GC heap after
{Heap after GC invocations=928 (full 4):
 PSYoungGen      total 5120K, used 2544K [0x00000000d5580000, 0x00000000d6180000, 0x0000000100000000)
  eden space 2560K, 0% used [0x00000000d5580000,0x00000000d5580000,0x00000000d5800000)
  from space 2560K, 99% used [0x00000000d5c80000,0x00000000d5efc000,0x00000000d5f00000)
  to   space 4608K, 0% used [0x00000000d5800000,0x00000000d5800000,0x00000000d5c80000)
 ParOldGen       total 563712K, used 261622K [0x0000000080000000, 0x00000000a2680000, 0x00000000d5580000)
  object space 563712K, 46% used [0x0000000080000000,0x000000008ff7d808,0x00000000a2680000)
 Metaspace       used 80102K, committed 81600K, reserved 1179648K
  class space    used 8267K, committed 8960K, reserved 1048576K
}
Event: 347009.226 GC heap before
{Heap before GC invocations=929 (full 4):
 PSYoungGen      total 5120K, used 5094K [0x00000000d5580000, 0x00000000d6180000, 0x0000000100000000)
  eden space 2560K, 99% used [0x00000000d5580000,0x00000000d57fd8e0,0x00000000d5800000)
  from space 2560K, 99% used [0x00000000d5c80000,0x00000000d5efc000,0x00000000d5f00000)
  to   space 4608K, 0% used [0x00000000d5800000,0x00000000d5800000,0x00000000d5c80000)
 ParOldGen       total 563712K, used 261622K [0x0000000080000000, 0x00000000a2680000, 0x00000000d5580000)
  object space 563712K, 46% used [0x0000000080000000,0x000000008ff7d808,0x00000000a2680000)
 Metaspace       used 80103K, committed 81600K, reserved 1179648K
  class space    used 8267K, committed 8960K, reserved 1048576K
}
Event: 347009.381 GC heap after
{Heap after GC invocations=929 (full 4):
 PSYoungGen      total 3584K, used 928K [0x00000000d5580000, 0x00000000d5d00000, 0x0000000100000000)
  eden space 2560K, 0% used [0x00000000d5580000,0x00000000d5580000,0x00000000d5800000)
  from space 1024K, 90% used [0x00000000d5800000,0x00000000d58e8020,0x00000000d5900000)
  to   space 2048K, 0% used [0x00000000d5b00000,0x00000000d5b00000,0x00000000d5d00000)
 ParOldGen       total 563712K, used 264094K [0x0000000080000000, 0x00000000a2680000, 0x00000000d5580000)
  object space 563712K, 46% used [0x0000000080000000,0x00000000901e7808,0x00000000a2680000)
 Metaspace       used 80103K, committed 81600K, reserved 1179648K
  class space    used 8267K, committed 8960K, reserved 1048576K
}

