# JRE version: OpenJDK Runtime Environment Temurin-21.0.8+9 (21.0.8+9) (build 21.0.8+9-LTS)
# Java VM: OpenJDK 64-Bit Server VM Temurin-21.0.8+9 (21.0.8+9-LTS, mixed mode, sharing, tiered, compressed oops, compressed class ptrs, parallel gc, windows-amd64)
GC Precious Log:
 CardTable entry size: 512
 CPUs: 4 total, 4 available
 Memory: 4006M
 Large Page Support: Disabled
 NUMA Support: Disabled
 Compressed Oops: Enabled (32-bit)
 Alignments: Space 512K, Generation 512K, Heap 2M
 Heap Min Capacity: 100M
 Heap Initial Capacity: 100M
 Heap Max Capacity: 2G
 Pre-touch: Disabled
 Parallel Workers: 4
Heap:
 PSYoungGen      total 2560K, used 983K [0x00000000d5580000, 0x00000000d5900000, 0x0000000100000000)
  eden space 2048K, 40% used [0x00000000d5580000,0x00000000d564df00,0x00000000d5780000)
  from space 512K, 31% used [0x00000000d5880000,0x00000000d58a8000,0x00000000d5900000)
  to   space 512K, 0% used [0x00000000d5780000,0x00000000d5780000,0x00000000d5800000)
 ParOldGen       total 626176K, used 625764K [0x0000000080000000, 0x00000000a6380000, 0x00000000d5580000)
  object space 626176K, 99% used [0x0000000080000000,0x00000000a6319148,0x00000000a6380000)
 Metaspace       used 73007K, committed 74624K, reserved 1179648K
  class space    used 7700K, committed 8448K, reserved 1048576K
GC Heap History (20 events):
Event: 308.813 GC heap before
{Heap before GC invocations=580 (full 3):
 PSYoungGen      total 2560K, used 2545K [0x00000000d5580000, 0x00000000d5f00000, 0x0000000100000000)
  eden space 512K, 99% used [0x00000000d5580000,0x00000000d55ffff0,0x00000000d5600000)
  from space 2048K, 99% used [0x00000000d5980000,0x00000000d5b7c6b0,0x00000000d5b80000)
  to   space 3584K, 0% used [0x00000000d5600000,0x00000000d5600000,0x00000000d5980000)
 ParOldGen       total 621056K, used 620795K [0x0000000080000000, 0x00000000a5e80000, 0x00000000d5580000)
  object space 621056K, 99% used [0x0000000080000000,0x00000000a5e3eef8,0x00000000a5e80000)
 Metaspace       used 72749K, committed 74304K, reserved 1179648K
  class space    used 7672K, committed 8448K, reserved 1048576K
}
Event: 308.854 GC heap after
{Heap after GC invocations=580 (full 3):
 PSYoungGen      total 1024K, used 480K [0x00000000d5580000, 0x00000000d5a00000, 0x0000000100000000)
  eden space 512K, 0% used [0x00000000d5580000,0x00000000d5580000,0x00000000d5600000)
  from space 512K, 93% used [0x00000000d5600000,0x00000000d5678000,0x00000000d5680000)
  to   space 1536K, 0% used [0x00000000d5880000,0x00000000d5880000,0x00000000d5a00000)
 ParOldGen       total 623104K, used 622813K [0x0000000080000000, 0x00000000a6080000, 0x00000000d5580000)
  object space 623104K, 99% used [0x0000000080000000,0x00000000a60375a8,0x00000000a6080000)
 Metaspace       used 72749K, committed 74304K, reserved 1179648K
  class space    used 7672K, committed 8448K, reserved 1048576K
}
Event: 308.856 GC heap before
{Heap before GC invocations=581 (full 3):
 PSYoungGen      total 1024K, used 991K [0x00000000d5580000, 0x00000000d5a00000, 0x0000000100000000)
  eden space 512K, 99% used [0x00000000d5580000,0x00000000d55ffff0,0x00000000d5600000)
  from space 512K, 93% used [0x00000000d5600000,0x00000000d5678000,0x00000000d5680000)
  to   space 1536K, 0% used [0x00000000d5880000,0x00000000d5880000,0x00000000d5a00000)
 ParOldGen       total 623104K, used 622813K [0x0000000080000000, 0x00000000a6080000, 0x00000000d5580000)
  object space 623104K, 99% used [0x0000000080000000,0x00000000a60375a8,0x00000000a6080000)
 Metaspace       used 72749K, committed 74304K, reserved 1179648K
  class space    used 7672K, committed 8448K, reserved 1048576K
}
Event: 308.869 GC heap after
{Heap after GC invocations=581 (full 3):
 PSYoungGen      total 1536K, used 384K [0x00000000d5580000, 0x00000000d5900000, 0x0000000100000000)
  eden space 1024K, 0% used [0x00000000d5580000,0x00000000d5580000,0x00000000d5680000)
  from space 512K, 75% used [0x00000000d5880000,0x00000000d58e0000,0x00000000d5900000)
  to   space 1024K, 0% used [0x00000000d5700000,0x00000000d5700000,0x00000000d5800000)
 ParOldGen       total 623616K, used 623229K [0x0000000080000000, 0x00000000a6100000, 0x00000000d5580000)
  object space 623616K, 99% used [0x0000000080000000,0x00000000a609f5a8,0x00000000a6100000)
 Metaspace       used 72749K, committed 74304K, reserved 1179648K
  class space    used 7672K, committed 8448K, reserved 1048576K
}
Event: 308.875 GC heap before
{Heap before GC invocations=582 (full 3):
 PSYoungGen      total 1536K, used 1401K [0x00000000d5580000, 0x00000000d5900000, 0x0000000100000000)
  eden space 1024K, 99% used [0x00000000d5580000,0x00000000d567e770,0x00000000d5680000)
  from space 512K, 75% used [0x00000000d5880000,0x00000000d58e0000,0x00000000d5900000)
  to   space 1024K, 0% used [0x00000000d5700000,0x00000000d5700000,0x00000000d5800000)
 ParOldGen       total 623616K, used 623229K [0x0000000080000000, 0x00000000a6100000, 0x00000000d5580000)
  object space 623616K, 99% used [0x0000000080000000,0x00000000a609f5a8,0x00000000a6100000)
 Metaspace       used 72749K, committed 74304K, reserved 1179648K
  class space    used 7672K, committed 8448K, reserved 1048576K
}
Event: 308.880 GC heap after
{Heap after GC invocations=582 (full 3):
 PSYoungGen      total 2560K, used 672K [0x00000000d5580000, 0x00000000d5900000, 0x0000000100000000)
  eden space 1536K, 0% used [0x00000000d5580000,0x00000000d5580000,0x00000000d5700000)
  from space 1024K, 65% used [0x00000000d5700000,0x00000000d57a8000,0x00000000d5800000)
  to   space 1024K, 0% used [0x00000000d5800000,0x00000000d5800000,0x00000000d5900000)
 ParOldGen       total 623616K, used 623589K [0x0000000080000000, 0x00000000a6100000, 0x00000000d5580000)
  object space 623616K, 99% used [0x0000000080000000,0x00000000a60f95a8,0x00000000a6100000)
 Metaspace       used 72749K, committed 74304K, reserved 1179648K
  class space    used 7672K, committed 8448K, reserved 1048576K
}
Event: 309.079 GC heap before
{Heap before GC invocations=583 (full 3):
 PSYoungGen      total 2560K, used 2208K [0x00000000d5580000, 0x00000000d5900000, 0x0000000100000000)
  eden space 1536K, 100% used [0x00000000d5580000,0x00000000d5700000,0x00000000d5700000)
  from space 1024K, 65% used [0x00000000d5700000,0x00000000d57a8000,0x00000000d5800000)
  to   space 1024K, 0% used [0x00000000d5800000,0x00000000d5800000,0x00000000d5900000)
 ParOldGen       total 623616K, used 623589K [0x0000000080000000, 0x00000000a6100000, 0x00000000d5580000)
  object space 623616K, 99% used [0x0000000080000000,0x00000000a60f95a8,0x00000000a6100000)
 Metaspace       used 72752K, committed 74304K, reserved 1179648K
  class space    used 7672K, committed 8448K, reserved 1048576K
}
Event: 309.087 GC heap after
{Heap after GC invocations=583 (full 3):
 PSYoungGen      total 2048K, used 976K [0x00000000d5580000, 0x00000000d5a80000, 0x0000000100000000)
  eden space 1024K, 0% used [0x00000000d5580000,0x00000000d5580000,0x00000000d5680000)
  from space 1024K, 95% used [0x00000000d5800000,0x00000000d58f4010,0x00000000d5900000)
  to   space 1536K, 0% used [0x00000000d5680000,0x00000000d5680000,0x00000000d5800000)
 ParOldGen       total 624128K, used 624013K [0x0000000080000000, 0x00000000a6180000, 0x00000000d5580000)
  object space 624128K, 99% used [0x0000000080000000,0x00000000a61635a8,0x00000000a6180000)
 Metaspace       used 72752K, committed 74304K, reserved 1179648K
  class space    used 7672K, committed 8448K, reserved 1048576K
}
Event: 309.096 GC heap before
{Heap before GC invocations=584 (full 3):
 PSYoungGen      total 2048K, used 2000K [0x00000000d5580000, 0x00000000d5a80000, 0x0000000100000000)
  eden space 1024K, 100% used [0x00000000d5580000,0x00000000d5680000,0x00000000d5680000)
  from space 1024K, 95% used [0x00000000d5800000,0x00000000d58f4010,0x00000000d5900000)
  to   space 1536K, 0% used [0x00000000d5680000,0x00000000d5680000,0x00000000d5800000)
 ParOldGen       total 624128K, used 624013K [0x0000000080000000, 0x00000000a6180000, 0x00000000d5580000)
  object space 624128K, 99% used [0x0000000080000000,0x00000000a61635a8,0x00000000a6180000)
 Metaspace       used 72754K, committed 74304K, reserved 1179648K
  class space    used 7672K, committed 8448K, reserved 1048576K
}
Event: 309.142 GC heap after
{Heap after GC invocations=584 (full 3):
 PSYoungGen      total 2560K, used 288K [0x00000000d5580000, 0x00000000d5900000, 0x0000000100000000)
  eden space 1024K, 0% used [0x00000000d5580000,0x00000000d5580000,0x00000000d5680000)
  from space 1536K, 18% used [0x00000000d5680000,0x00000000d56c8000,0x00000000d5800000)
  to   space 1024K, 0% used [0x00000000d5800000,0x00000000d5800000,0x00000000d5900000)
 ParOldGen       total 625152K, used 624845K [0x0000000080000000, 0x00000000a6280000, 0x00000000d5580000)
  object space 625152K, 99% used [0x0000000080000000,0x00000000a62335a8,0x00000000a6280000)
 Metaspace       used 72754K, committed 74304K, reserved 1179648K
  class space    used 7672K, committed 8448K, reserved 1048576K
}
Event: 309.159 GC heap before
{Heap before GC invocations=585 (full 3):
 PSYoungGen      total 2560K, used 1312K [0x00000000d5580000, 0x00000000d5900000, 0x0000000100000000)
  eden space 1024K, 100% used [0x00000000d5580000,0x00000000d5680000,0x00000000d5680000)
  from space 1536K, 18% used [0x00000000d5680000,0x00000000d56c8000,0x00000000d5800000)
  to   space 1024K, 0% used [0x00000000d5800000,0x00000000d5800000,0x00000000d5900000)
 ParOldGen       total 625152K, used 624845K [0x0000000080000000, 0x00000000a6280000, 0x00000000d5580000)
  object space 625152K, 99% used [0x0000000080000000,0x00000000a62335a8,0x00000000a6280000)
 Metaspace       used 72759K, committed 74304K, reserved 1179648K
  class space    used 7672K, committed 8448K, reserved 1048576K
}
Event: 309.162 GC heap after
{Heap after GC invocations=585 (full 3):
 PSYoungGen      total 2048K, used 288K [0x00000000d5580000, 0x00000000d5880000, 0x0000000100000000)
  eden space 1536K, 0% used [0x00000000d5580000,0x00000000d5580000,0x00000000d5700000)
  from space 512K, 56% used [0x00000000d5800000,0x00000000d5848000,0x00000000d5880000)
  to   space 512K, 0% used [0x00000000d5780000,0x00000000d5780000,0x00000000d5800000)
 ParOldGen       total 625152K, used 625090K [0x0000000080000000, 0x00000000a6280000, 0x00000000d5580000)
  object space 625152K, 99% used [0x0000000080000000,0x00000000a6270a38,0x00000000a6280000)
 Metaspace       used 72759K, committed 74304K, reserved 1179648K
  class space    used 7672K, committed 8448K, reserved 1048576K
}
Event: 309.181 GC heap before
{Heap before GC invocations=586 (full 3):
 PSYoungGen      total 2048K, used 1821K [0x00000000d5580000, 0x00000000d5880000, 0x0000000100000000)
  eden space 1536K, 99% used [0x00000000d5580000,0x00000000d56ff5d8,0x00000000d5700000)
  from space 512K, 56% used [0x00000000d5800000,0x00000000d5848000,0x00000000d5880000)
  to   space 512K, 0% used [0x00000000d5780000,0x00000000d5780000,0x00000000d5800000)
 ParOldGen       total 625152K, used 625090K [0x0000000080000000, 0x00000000a6280000, 0x00000000d5580000)
  object space 625152K, 99% used [0x0000000080000000,0x00000000a6270a38,0x00000000a6280000)
 Metaspace       used 72759K, committed 74304K, reserved 1179648K
  class space    used 7672K, committed 8448K, reserved 1048576K
}
Event: 309.187 GC heap after
{Heap after GC invocations=586 (full 3):
 PSYoungGen      total 2560K, used 448K [0x00000000d5580000, 0x00000000d5880000, 0x0000000100000000)
  eden space 2048K, 0% used [0x00000000d5580000,0x00000000d5580000,0x00000000d5780000)
  from space 512K, 87% used [0x00000000d5780000,0x00000000d57f0000,0x00000000d5800000)
  to   space 512K, 0% used [0x00000000d5800000,0x00000000d5800000,0x00000000d5880000)
 ParOldGen       total 625664K, used 625287K [0x0000000080000000, 0x00000000a6300000, 0x00000000d5580000)
  object space 625664K, 99% used [0x0000000080000000,0x00000000a62a1ec8,0x00000000a6300000)
 Metaspace       used 72759K, committed 74304K, reserved 1179648K
  class space    used 7672K, committed 8448K, reserved 1048576K
}
Event: 310.296 GC heap before
{Heap before GC invocations=587 (full 3):
 PSYoungGen      total 2560K, used 2496K [0x00000000d5580000, 0x00000000d5880000, 0x0000000100000000)
  eden space 2048K, 100% used [0x00000000d5580000,0x00000000d5780000,0x00000000d5780000)
  from space 512K, 87% used [0x00000000d5780000,0x00000000d57f0000,0x00000000d5800000)
  to   space 512K, 0% used [0x00000000d5800000,0x00000000d5800000,0x00000000d5880000)
 ParOldGen       total 625664K, used 625287K [0x0000000080000000, 0x00000000a6300000, 0x00000000d5580000)
  object space 625664K, 99% used [0x0000000080000000,0x00000000a62a1ec8,0x00000000a6300000)
 Metaspace       used 72769K, committed 74304K, reserved 1179648K
  class space    used 7672K, committed 8448K, reserved 1048576K
}
Event: 310.299 GC heap after
{Heap after GC invocations=587 (full 3):
 PSYoungGen      total 2560K, used 368K [0x00000000d5580000, 0x00000000d5900000, 0x0000000100000000)
  eden space 2048K, 0% used [0x00000000d5580000,0x00000000d5580000,0x00000000d5780000)
  from space 512K, 71% used [0x00000000d5800000,0x00000000d585c010,0x00000000d5880000)
  to   space 512K, 0% used [0x00000000d5780000,0x00000000d5780000,0x00000000d5800000)
 ParOldGen       total 625664K, used 625636K [0x0000000080000000, 0x00000000a6300000, 0x00000000d5580000)
  object space 625664K, 99% used [0x0000000080000000,0x00000000a62f9148,0x00000000a6300000)
 Metaspace       used 72769K, committed 74304K, reserved 1179648K
  class space    used 7672K, committed 8448K, reserved 1048576K
}
Event: 310.923 GC heap before
{Heap before GC invocations=588 (full 3):
 PSYoungGen      total 2560K, used 2416K [0x00000000d5580000, 0x00000000d5900000, 0x0000000100000000)
  eden space 2048K, 100% used [0x00000000d5580000,0x00000000d5780000,0x00000000d5780000)
  from space 512K, 71% used [0x00000000d5800000,0x00000000d585c010,0x00000000d5880000)
  to   space 512K, 0% used [0x00000000d5780000,0x00000000d5780000,0x00000000d5800000)
 ParOldGen       total 625664K, used 625636K [0x0000000080000000, 0x00000000a6300000, 0x00000000d5580000)
  object space 625664K, 99% used [0x0000000080000000,0x00000000a62f9148,0x00000000a6300000)
 Metaspace       used 72777K, committed 74432K, reserved 1179648K
  class space    used 7672K, committed 8448K, reserved 1048576K
}
Event: 310.926 GC heap after
{Heap after GC invocations=588 (full 3):
 PSYoungGen      total 2560K, used 128K [0x00000000d5580000, 0x00000000d5900000, 0x0000000100000000)
  eden space 2048K, 0% used [0x00000000d5580000,0x00000000d5580000,0x00000000d5780000)
  from space 512K, 25% used [0x00000000d5780000,0x00000000d57a0000,0x00000000d5800000)
  to   space 512K, 0% used [0x00000000d5880000,0x00000000d5880000,0x00000000d5900000)
 ParOldGen       total 626176K, used 625748K [0x0000000080000000, 0x00000000a6380000, 0x00000000d5580000)
  object space 626176K, 99% used [0x0000000080000000,0x00000000a6315148,0x00000000a6380000)
 Metaspace       used 72777K, committed 74432K, reserved 1179648K
  class space    used 7672K, committed 8448K, reserved 1048576K
}
Event: 336.564 GC heap before
{Heap before GC invocations=589 (full 3):
 PSYoungGen      total 2560K, used 2168K [0x00000000d5580000, 0x00000000d5900000, 0x0000000100000000)
  eden space 2048K, 99% used [0x00000000d5580000,0x00000000d577e140,0x00000000d5780000)
  from space 512K, 25% used [0x00000000d5780000,0x00000000d57a0000,0x00000000d5800000)
  to   space 512K, 0% used [0x00000000d5880000,0x00000000d5880000,0x00000000d5900000)
 ParOldGen       total 626176K, used 625748K [0x0000000080000000, 0x00000000a6380000, 0x00000000d5580000)
  object space 626176K, 99% used [0x0000000080000000,0x00000000a6315148,0x00000000a6380000)
 Metaspace       used 72892K, committed 74496K, reserved 1179648K
  class space    used 7687K, committed 8448K, reserved 1048576K
}
Event: 336.580 GC heap after
{Heap after GC invocations=589 (full 3):
 PSYoungGen      total 2560K, used 160K [0x00000000d5580000, 0x00000000d5900000, 0x0000000100000000)
  eden space 2048K, 0% used [0x00000000d5580000,0x00000000d5580000,0x00000000d5780000)
  from space 512K, 31% used [0x00000000d5880000,0x00000000d58a8000,0x00000000d5900000)
  to   space 512K, 0% used [0x00000000d5780000,0x00000000d5780000,0x00000000d5800000)
 ParOldGen       total 626176K, used 625764K [0x0000000080000000, 0x00000000a6380000, 0x00000000d5580000)
  object space 626176K, 99% used [0x0000000080000000,0x00000000a6319148,0x00000000a6380000)
 Metaspace       used 72892K, committed 74496K, reserved 1179648K
  class space    used 7687K, committed 8448K, reserved 1048576K
}

