# JRE version: OpenJDK Runtime Environment Temurin-21.0.9+10 (21.0.9+10) (build 21.0.9+10-LTS)
# Java VM: OpenJDK 64-Bit Server VM Temurin-21.0.9+10 (21.0.9+10-LTS, mixed mode, sharing, tiered, compressed oops, compressed class ptrs, parallel gc, windows-amd64)
GC Precious Log:
 CardTable entry size: 512
 CPUs: 4 total, 4 available
 Memory: 4006M
 Large Page Support: Disabled
 NUMA Support: Disabled
 Compressed Oops: Enabled (32-bit)
 Alignments: Space 512K, Generation 512K, Heap 2M
 Heap Min Capacity: 100M
 Heap Initial Capacity: 100M
 Heap Max Capacity: 2G
 Pre-touch: Disabled
 Parallel Workers: 4
Heap:
 PSYoungGen      total 8192K, used 3947K [0x00000000d5580000, 0x00000000d6100000, 0x0000000100000000)
  eden space 6144K, 37% used [0x00000000d5580000,0x00000000d57bafd8,0x00000000d5b80000)
  from space 2048K, 81% used [0x00000000d5c80000,0x00000000d5e20000,0x00000000d5e80000)
  to   space 2560K, 0% used [0x00000000d5e80000,0x00000000d5e80000,0x00000000d6100000)
 ParOldGen       total 668672K, used 668599K [0x0000000080000000, 0x00000000a8d00000, 0x00000000d5580000)
  object space 668672K, 99% used [0x0000000080000000,0x00000000a8cedfa0,0x00000000a8d00000)
 Metaspace       used 80264K, committed 81728K, reserved 1179648K
  class space    used 8266K, committed 8896K, reserved 1048576K
GC Heap History (20 events):
Event: 760255.727 GC heap before
{Heap before GC invocations=1018 (full 4):
 PSYoungGen      total 7168K, used 6336K [0x00000000d5580000, 0x00000000d5d80000, 0x0000000100000000)
  eden space 6144K, 100% used [0x00000000d5580000,0x00000000d5b80000,0x00000000d5b80000)
  from space 1024K, 18% used [0x00000000d5b80000,0x00000000d5bb0000,0x00000000d5c80000)
  to   space 512K, 0% used [0x00000000d5d00000,0x00000000d5d00000,0x00000000d5d80000)
 ParOldGen       total 652288K, used 651968K [0x0000000080000000, 0x00000000a7d00000, 0x00000000d5580000)
  object space 652288K, 99% used [0x0000000080000000,0x00000000a7cb00a0,0x00000000a7d00000)
 Metaspace       used 80195K, committed 81664K, reserved 1179648K
  class space    used 8266K, committed 8896K, reserved 1048576K
}
Event: 760255.736 GC heap after
{Heap after GC invocations=1018 (full 4):
 PSYoungGen      total 6656K, used 160K [0x00000000d5580000, 0x00000000d5d80000, 0x0000000100000000)
  eden space 6144K, 0% used [0x00000000d5580000,0x00000000d5580000,0x00000000d5b80000)
  from space 512K, 31% used [0x00000000d5d00000,0x00000000d5d28000,0x00000000d5d80000)
  to   space 512K, 0% used [0x00000000d5c80000,0x00000000d5c80000,0x00000000d5d00000)
 ParOldGen       total 652288K, used 651992K [0x0000000080000000, 0x00000000a7d00000, 0x00000000d5580000)
  object space 652288K, 99% used [0x0000000080000000,0x00000000a7cb60a0,0x00000000a7d00000)
 Metaspace       used 80195K, committed 81664K, reserved 1179648K
  class space    used 8266K, committed 8896K, reserved 1048576K
}
Event: 760257.586 GC heap before
{Heap before GC invocations=1019 (full 4):
 PSYoungGen      total 6656K, used 6304K [0x00000000d5580000, 0x00000000d5d80000, 0x0000000100000000)
  eden space 6144K, 100% used [0x00000000d5580000,0x00000000d5b80000,0x00000000d5b80000)
  from space 512K, 31% used [0x00000000d5d00000,0x00000000d5d28000,0x00000000d5d80000)
  to   space 512K, 0% used [0x00000000d5c80000,0x00000000d5c80000,0x00000000d5d00000)
 ParOldGen       total 652288K, used 651992K [0x0000000080000000, 0x00000000a7d00000, 0x00000000d5580000)
  object space 652288K, 99% used [0x0000000080000000,0x00000000a7cb60a0,0x00000000a7d00000)
 Metaspace       used 80196K, committed 81664K, reserved 1179648K
  class space    used 8266K, committed 8896K, reserved 1048576K
}
Event: 760257.593 GC heap after
{Heap after GC invocations=1019 (full 4):
 PSYoungGen      total 6656K, used 192K [0x00000000d5580000, 0x00000000d5d80000, 0x0000000100000000)
  eden space 6144K, 0% used [0x00000000d5580000,0x00000000d5580000,0x00000000d5b80000)
  from space 512K, 37% used [0x00000000d5c80000,0x00000000d5cb0000,0x00000000d5d00000)
  to   space 512K, 0% used [0x00000000d5d00000,0x00000000d5d00000,0x00000000d5d80000)
 ParOldGen       total 652288K, used 652016K [0x0000000080000000, 0x00000000a7d00000, 0x00000000d5580000)
  object space 652288K, 99% used [0x0000000080000000,0x00000000a7cbc0a0,0x00000000a7d00000)
 Metaspace       used 80196K, committed 81664K, reserved 1179648K
  class space    used 8266K, committed 8896K, reserved 1048576K
}
Event: 760258.640 GC heap before
{Heap before GC invocations=1020 (full 4):
 PSYoungGen      total 6656K, used 6336K [0x00000000d5580000, 0x00000000d5d80000, 0x0000000100000000)
  eden space 6144K, 100% used [0x00000000d5580000,0x00000000d5b80000,0x00000000d5b80000)
  from space 512K, 37% used [0x00000000d5c80000,0x00000000d5cb0000,0x00000000d5d00000)
  to   space 512K, 0% used [0x00000000d5d00000,0x00000000d5d00000,0x00000000d5d80000)
 ParOldGen       total 652288K, used 652016K [0x0000000080000000, 0x00000000a7d00000, 0x00000000d5580000)
  object space 652288K, 99% used [0x0000000080000000,0x00000000a7cbc0a0,0x00000000a7d00000)
 Metaspace       used 80210K, committed 81664K, reserved 1179648K
  class space    used 8266K, committed 8896K, reserved 1048576K
}
Event: 760258.644 GC heap after
{Heap after GC invocations=1020 (full 4):
 PSYoungGen      total 6656K, used 500K [0x00000000d5580000, 0x00000000d5e80000, 0x0000000100000000)
  eden space 6144K, 0% used [0x00000000d5580000,0x00000000d5580000,0x00000000d5b80000)
  from space 512K, 97% used [0x00000000d5d00000,0x00000000d5d7d210,0x00000000d5d80000)
  to   space 1536K, 0% used [0x00000000d5b80000,0x00000000d5b80000,0x00000000d5d00000)
 ParOldGen       total 652800K, used 652428K [0x0000000080000000, 0x00000000a7d80000, 0x00000000d5580000)
  object space 652800K, 99% used [0x0000000080000000,0x00000000a7d232b0,0x00000000a7d80000)
 Metaspace       used 80210K, committed 81664K, reserved 1179648K
  class space    used 8266K, committed 8896K, reserved 1048576K
}
Event: 760258.698 GC heap before
{Heap before GC invocations=1021 (full 4):
 PSYoungGen      total 6656K, used 6557K [0x00000000d5580000, 0x00000000d5e80000, 0x0000000100000000)
  eden space 6144K, 98% used [0x00000000d5580000,0x00000000d5b6a4a8,0x00000000d5b80000)
  from space 512K, 97% used [0x00000000d5d00000,0x00000000d5d7d210,0x00000000d5d80000)
  to   space 1536K, 0% used [0x00000000d5b80000,0x00000000d5b80000,0x00000000d5d00000)
 ParOldGen       total 652800K, used 652428K [0x0000000080000000, 0x00000000a7d80000, 0x00000000d5580000)
  object space 652800K, 99% used [0x0000000080000000,0x00000000a7d232b0,0x00000000a7d80000)
 Metaspace       used 80210K, committed 81664K, reserved 1179648K
  class space    used 8266K, committed 8896K, reserved 1048576K
}
Event: 760258.709 GC heap after
{Heap after GC invocations=1021 (full 4):
 PSYoungGen      total 7680K, used 1520K [0x00000000d5580000, 0x00000000d6980000, 0x0000000100000000)
  eden space 6144K, 0% used [0x00000000d5580000,0x00000000d5580000,0x00000000d5b80000)
  from space 1536K, 98% used [0x00000000d5b80000,0x00000000d5cfc000,0x00000000d5d00000)
  to   space 7168K, 0% used [0x00000000d6280000,0x00000000d6280000,0x00000000d6980000)
 ParOldGen       total 656896K, used 656753K [0x0000000080000000, 0x00000000a8180000, 0x00000000d5580000)
  object space 656896K, 99% used [0x0000000080000000,0x00000000a815c4d0,0x00000000a8180000)
 Metaspace       used 80210K, committed 81664K, reserved 1179648K
  class space    used 8266K, committed 8896K, reserved 1048576K
}
Event: 760259.068 GC heap before
{Heap before GC invocations=1022 (full 4):
 PSYoungGen      total 7680K, used 7664K [0x00000000d5580000, 0x00000000d6980000, 0x0000000100000000)
  eden space 6144K, 100% used [0x00000000d5580000,0x00000000d5b80000,0x00000000d5b80000)
  from space 1536K, 98% used [0x00000000d5b80000,0x00000000d5cfc000,0x00000000d5d00000)
  to   space 7168K, 0% used [0x00000000d6280000,0x00000000d6280000,0x00000000d6980000)
 ParOldGen       total 656896K, used 656753K [0x0000000080000000, 0x00000000a8180000, 0x00000000d5580000)
  object space 656896K, 99% used [0x0000000080000000,0x00000000a815c4d0,0x00000000a8180000)
 Metaspace       used 80210K, committed 81664K, reserved 1179648K
  class space    used 8266K, committed 8896K, reserved 1048576K
}
Event: 760259.078 GC heap after
{Heap after GC invocations=1022 (full 4):
 PSYoungGen      total 11776K, used 5123K [0x00000000d5580000, 0x00000000d6800000, 0x0000000100000000)
  eden space 6144K, 0% used [0x00000000d5580000,0x00000000d5580000,0x00000000d5b80000)
  from space 5632K, 90% used [0x00000000d6280000,0x00000000d6780d60,0x00000000d6800000)
  to   space 5632K, 0% used [0x00000000d5d00000,0x00000000d5d00000,0x00000000d6280000)
 ParOldGen       total 658432K, used 657953K [0x0000000080000000, 0x00000000a8300000, 0x00000000d5580000)
  object space 658432K, 99% used [0x0000000080000000,0x00000000a82884d0,0x00000000a8300000)
 Metaspace       used 80210K, committed 81664K, reserved 1179648K
  class space    used 8266K, committed 8896K, reserved 1048576K
}
Event: 760265.615 GC heap before
{Heap before GC invocations=1023 (full 4):
 PSYoungGen      total 11776K, used 11267K [0x00000000d5580000, 0x00000000d6800000, 0x0000000100000000)
  eden space 6144K, 100% used [0x00000000d5580000,0x00000000d5b80000,0x00000000d5b80000)
  from space 5632K, 90% used [0x00000000d6280000,0x00000000d6780d60,0x00000000d6800000)
  to   space 5632K, 0% used [0x00000000d5d00000,0x00000000d5d00000,0x00000000d6280000)
 ParOldGen       total 658432K, used 657953K [0x0000000080000000, 0x00000000a8300000, 0x00000000d5580000)
  object space 658432K, 99% used [0x0000000080000000,0x00000000a82884d0,0x00000000a8300000)
 Metaspace       used 80249K, committed 81728K, reserved 1179648K
  class space    used 8266K, committed 8896K, reserved 1048576K
}
Event: 760265.721 GC heap after
{Heap after GC invocations=1023 (full 4):
 PSYoungGen      total 6656K, used 160K [0x00000000d5580000, 0x00000000d6300000, 0x0000000100000000)
  eden space 6144K, 0% used [0x00000000d5580000,0x00000000d5580000,0x00000000d5b80000)
  from space 512K, 31% used [0x00000000d5d00000,0x00000000d5d28000,0x00000000d5d80000)
  to   space 2048K, 0% used [0x00000000d6100000,0x00000000d6100000,0x00000000d6300000)
 ParOldGen       total 663040K, used 662932K [0x0000000080000000, 0x00000000a8780000, 0x00000000d5580000)
  object space 663040K, 99% used [0x0000000080000000,0x00000000a8765230,0x00000000a8780000)
 Metaspace       used 80249K, committed 81728K, reserved 1179648K
  class space    used 8266K, committed 8896K, reserved 1048576K
}
Event: 760270.569 GC heap before
{Heap before GC invocations=1024 (full 4):
 PSYoungGen      total 6656K, used 6304K [0x00000000d5580000, 0x00000000d6300000, 0x0000000100000000)
  eden space 6144K, 100% used [0x00000000d5580000,0x00000000d5b80000,0x00000000d5b80000)
  from space 512K, 31% used [0x00000000d5d00000,0x00000000d5d28000,0x00000000d5d80000)
  to   space 2048K, 0% used [0x00000000d6100000,0x00000000d6100000,0x00000000d6300000)
 ParOldGen       total 663040K, used 662932K [0x0000000080000000, 0x00000000a8780000, 0x00000000d5580000)
  object space 663040K, 99% used [0x0000000080000000,0x00000000a8765230,0x00000000a8780000)
 Metaspace       used 80257K, committed 81728K, reserved 1179648K
  class space    used 8266K, committed 8896K, reserved 1048576K
}
Event: 760270.574 GC heap after
{Heap after GC invocations=1024 (full 4):
 PSYoungGen      total 6656K, used 256K [0x00000000d5580000, 0x00000000d6180000, 0x0000000100000000)
  eden space 6144K, 0% used [0x00000000d5580000,0x00000000d5580000,0x00000000d5b80000)
  from space 512K, 50% used [0x00000000d6100000,0x00000000d6140000,0x00000000d6180000)
  to   space 1024K, 0% used [0x00000000d5f80000,0x00000000d5f80000,0x00000000d6080000)
 ParOldGen       total 663040K, used 662948K [0x0000000080000000, 0x00000000a8780000, 0x00000000d5580000)
  object space 663040K, 99% used [0x0000000080000000,0x00000000a8769230,0x00000000a8780000)
 Metaspace       used 80257K, committed 81728K, reserved 1179648K
  class space    used 8266K, committed 8896K, reserved 1048576K
}
Event: 760283.829 GC heap before
{Heap before GC invocations=1025 (full 4):
 PSYoungGen      total 6656K, used 6400K [0x00000000d5580000, 0x00000000d6180000, 0x0000000100000000)
  eden space 6144K, 100% used [0x00000000d5580000,0x00000000d5b80000,0x00000000d5b80000)
  from space 512K, 50% used [0x00000000d6100000,0x00000000d6140000,0x00000000d6180000)
  to   space 1024K, 0% used [0x00000000d5f80000,0x00000000d5f80000,0x00000000d6080000)
 ParOldGen       total 663040K, used 662948K [0x0000000080000000, 0x00000000a8780000, 0x00000000d5580000)
  object space 663040K, 99% used [0x0000000080000000,0x00000000a8769230,0x00000000a8780000)
 Metaspace       used 80258K, committed 81728K, reserved 1179648K
  class space    used 8266K, committed 8896K, reserved 1048576K
}
Event: 760283.843 GC heap after
{Heap after GC invocations=1025 (full 4):
 PSYoungGen      total 7168K, used 1001K [0x00000000d5580000, 0x00000000d6480000, 0x0000000100000000)
  eden space 6144K, 0% used [0x00000000d5580000,0x00000000d5580000,0x00000000d5b80000)
  from space 1024K, 97% used [0x00000000d5f80000,0x00000000d607a420,0x00000000d6080000)
  to   space 4096K, 0% used [0x00000000d6080000,0x00000000d6080000,0x00000000d6480000)
 ParOldGen       total 666112K, used 665892K [0x0000000080000000, 0x00000000a8a80000, 0x00000000d5580000)
  object space 666112K, 99% used [0x0000000080000000,0x00000000a8a49230,0x00000000a8a80000)
 Metaspace       used 80258K, committed 81728K, reserved 1179648K
  class space    used 8266K, committed 8896K, reserved 1048576K
}
Event: 760284.193 GC heap before
{Heap before GC invocations=1026 (full 4):
 PSYoungGen      total 7168K, used 7145K [0x00000000d5580000, 0x00000000d6480000, 0x0000000100000000)
  eden space 6144K, 100% used [0x00000000d5580000,0x00000000d5b80000,0x00000000d5b80000)
  from space 1024K, 97% used [0x00000000d5f80000,0x00000000d607a420,0x00000000d6080000)
  to   space 4096K, 0% used [0x00000000d6080000,0x00000000d6080000,0x00000000d6480000)
 ParOldGen       total 666112K, used 665892K [0x0000000080000000, 0x00000000a8a80000, 0x00000000d5580000)
  object space 666112K, 99% used [0x0000000080000000,0x00000000a8a49230,0x00000000a8a80000)
 Metaspace       used 80258K, committed 81728K, reserved 1179648K
  class space    used 8266K, committed 8896K, reserved 1048576K
}
Event: 760284.205 GC heap after
{Heap after GC invocations=1026 (full 4):
 PSYoungGen      total 9216K, used 2691K [0x00000000d5580000, 0x00000000d6380000, 0x0000000100000000)
  eden space 6144K, 0% used [0x00000000d5580000,0x00000000d5580000,0x00000000d5b80000)
  from space 3072K, 87% used [0x00000000d6080000,0x00000000d6320d60,0x00000000d6380000)
  to   space 3584K, 0% used [0x00000000d5c80000,0x00000000d5c80000,0x00000000d6000000)
 ParOldGen       total 666112K, used 665940K [0x0000000080000000, 0x00000000a8a80000, 0x00000000d5580000)
  object space 666112K, 99% used [0x0000000080000000,0x00000000a8a55240,0x00000000a8a80000)
 Metaspace       used 80258K, committed 81728K, reserved 1179648K
  class space    used 8266K, committed 8896K, reserved 1048576K
}
Event: 760301.278 GC heap before
{Heap before GC invocations=1027 (full 4):
 PSYoungGen      total 9216K, used 8834K [0x00000000d5580000, 0x00000000d6380000, 0x0000000100000000)
  eden space 6144K, 99% used [0x00000000d5580000,0x00000000d5b7fe00,0x00000000d5b80000)
  from space 3072K, 87% used [0x00000000d6080000,0x00000000d6320d60,0x00000000d6380000)
  to   space 3584K, 0% used [0x00000000d5c80000,0x00000000d5c80000,0x00000000d6000000)
 ParOldGen       total 666112K, used 665940K [0x0000000080000000, 0x00000000a8a80000, 0x00000000d5580000)
  object space 666112K, 99% used [0x0000000080000000,0x00000000a8a55240,0x00000000a8a80000)
 Metaspace       used 80264K, committed 81728K, reserved 1179648K
  class space    used 8266K, committed 8896K, reserved 1048576K
}
Event: 760301.307 GC heap after
{Heap after GC invocations=1027 (full 4):
 PSYoungGen      total 8192K, used 1664K [0x00000000d5580000, 0x00000000d6100000, 0x0000000100000000)
  eden space 6144K, 0% used [0x00000000d5580000,0x00000000d5580000,0x00000000d5b80000)
  from space 2048K, 81% used [0x00000000d5c80000,0x00000000d5e20000,0x00000000d5e80000)
  to   space 2560K, 0% used [0x00000000d5e80000,0x00000000d5e80000,0x00000000d6100000)
 ParOldGen       total 668672K, used 668599K [0x0000000080000000, 0x00000000a8d00000, 0x00000000d5580000)
  object space 668672K, 99% used [0x0000000080000000,0x00000000a8cedfa0,0x00000000a8d00000)
 Metaspace       used 80264K, committed 81728K, reserved 1179648K
  class space    used 8266K, committed 8896K, reserved 1048576K
}

