# JRE version: OpenJDK Runtime Environment Temurin-21.0.8+9 (21.0.8+9) (build 21.0.8+9-LTS)
# Java VM: OpenJDK 64-Bit Server VM Temurin-21.0.8+9 (21.0.8+9-LTS, mixed mode, sharing, tiered, compressed oops, compressed class ptrs, parallel gc, windows-amd64)
GC Precious Log:
 CardTable entry size: 512
 CPUs: 4 total, 4 available
 Memory: 4006M
 Large Page Support: Disabled
 NUMA Support: Disabled
 Compressed Oops: Enabled (32-bit)
 Alignments: Space 512K, Generation 512K, Heap 2M
 Heap Min Capacity: 100M
 Heap Initial Capacity: 100M
 Heap Max Capacity: 2G
 Pre-touch: Disabled
 Parallel Workers: 4
Heap:
 PSYoungGen      total 6656K, used 2789K [0x00000000d5580000, 0x00000000d5e80000, 0x0000000100000000)
  eden space 4608K, 46% used [0x00000000d5580000,0x00000000d5794fd8,0x00000000d5a00000)
  from space 2048K, 32% used [0x00000000d5b00000,0x00000000d5ba44b0,0x00000000d5d00000)
  to   space 1024K, 0% used [0x00000000d5d80000,0x00000000d5d80000,0x00000000d5e80000)
 ParOldGen       total 1098240K, used 171210K [0x0000000080000000, 0x00000000c3080000, 0x00000000d5580000)
  object space 1098240K, 15% used [0x0000000080000000,0x000000008a732928,0x00000000c3080000)
 Metaspace       used 82462K, committed 83904K, reserved 1179648K
  class space    used 8221K, committed 8896K, reserved 1048576K
GC Heap History (20 events):
Event: 1806683.820 GC heap before
{Heap before GC invocations=1711 (full 5):
 PSYoungGen      total 8704K, used 8395K [0x00000000d5580000, 0x00000000d6200000, 0x0000000100000000)
  eden space 4608K, 99% used [0x00000000d5580000,0x00000000d59fad50,0x00000000d5a00000)
  from space 4096K, 92% used [0x00000000d5a00000,0x00000000d5db8000,0x00000000d5e00000)
  to   space 4096K, 0% used [0x00000000d5e00000,0x00000000d5e00000,0x00000000d6200000)
 ParOldGen       total 1098240K, used 155553K [0x0000000080000000, 0x00000000c3080000, 0x00000000d5580000)
  object space 1098240K, 14% used [0x0000000080000000,0x00000000897e87c8,0x00000000c3080000)
 Metaspace       used 82138K, committed 83712K, reserved 1179648K
  class space    used 8174K, committed 8896K, reserved 1048576K
}
Event: 1806683.897 GC heap after
{Heap after GC invocations=1711 (full 5):
 PSYoungGen      total 9216K, used 3383K [0x00000000d5580000, 0x00000000d6200000, 0x0000000100000000)
  eden space 5120K, 0% used [0x00000000d5580000,0x00000000d5580000,0x00000000d5a80000)
  from space 4096K, 82% used [0x00000000d5e00000,0x00000000d614dd60,0x00000000d6200000)
  to   space 3584K, 0% used [0x00000000d5a80000,0x00000000d5a80000,0x00000000d5e00000)
 ParOldGen       total 1098240K, used 159321K [0x0000000080000000, 0x00000000c3080000, 0x00000000d5580000)
  object space 1098240K, 14% used [0x0000000080000000,0x0000000089b967c8,0x00000000c3080000)
 Metaspace       used 82138K, committed 83712K, reserved 1179648K
  class space    used 8174K, committed 8896K, reserved 1048576K
}
Event: 1806684.322 GC heap before
{Heap before GC invocations=1712 (full 5):
 PSYoungGen      total 9216K, used 8503K [0x00000000d5580000, 0x00000000d6200000, 0x0000000100000000)
  eden space 5120K, 100% used [0x00000000d5580000,0x00000000d5a80000,0x00000000d5a80000)
  from space 4096K, 82% used [0x00000000d5e00000,0x00000000d614dd60,0x00000000d6200000)
  to   space 3584K, 0% used [0x00000000d5a80000,0x00000000d5a80000,0x00000000d5e00000)
 ParOldGen       total 1098240K, used 159321K [0x0000000080000000, 0x00000000c3080000, 0x00000000d5580000)
  object space 1098240K, 14% used [0x0000000080000000,0x0000000089b967c8,0x00000000c3080000)
 Metaspace       used 82140K, committed 83712K, reserved 1179648K
  class space    used 8174K, committed 8896K, reserved 1048576K
}
Event: 1806684.369 GC heap after
{Heap after GC invocations=1712 (full 5):
 PSYoungGen      total 6144K, used 992K [0x00000000d5580000, 0x00000000d5f80000, 0x0000000100000000)
  eden space 5120K, 0% used [0x00000000d5580000,0x00000000d5580000,0x00000000d5a80000)
  from space 1024K, 96% used [0x00000000d5a80000,0x00000000d5b78000,0x00000000d5b80000)
  to   space 2048K, 0% used [0x00000000d5d80000,0x00000000d5d80000,0x00000000d5f80000)
 ParOldGen       total 1098240K, used 162573K [0x0000000080000000, 0x00000000c3080000, 0x00000000d5580000)
  object space 1098240K, 14% used [0x0000000080000000,0x0000000089ec3528,0x00000000c3080000)
 Metaspace       used 82140K, committed 83712K, reserved 1179648K
  class space    used 8174K, committed 8896K, reserved 1048576K
}
Event: 1806685.011 GC heap before
{Heap before GC invocations=1713 (full 5):
 PSYoungGen      total 6144K, used 6112K [0x00000000d5580000, 0x00000000d5f80000, 0x0000000100000000)
  eden space 5120K, 100% used [0x00000000d5580000,0x00000000d5a80000,0x00000000d5a80000)
  from space 1024K, 96% used [0x00000000d5a80000,0x00000000d5b78000,0x00000000d5b80000)
  to   space 2048K, 0% used [0x00000000d5d80000,0x00000000d5d80000,0x00000000d5f80000)
 ParOldGen       total 1098240K, used 162573K [0x0000000080000000, 0x00000000c3080000, 0x00000000d5580000)
  object space 1098240K, 14% used [0x0000000080000000,0x0000000089ec3528,0x00000000c3080000)
 Metaspace       used 82140K, committed 83712K, reserved 1179648K
  class space    used 8174K, committed 8896K, reserved 1048576K
}
Event: 1806685.034 GC heap after
{Heap after GC invocations=1713 (full 5):
 PSYoungGen      total 5632K, used 448K [0x00000000d5580000, 0x00000000d5e00000, 0x0000000100000000)
  eden space 5120K, 0% used [0x00000000d5580000,0x00000000d5580000,0x00000000d5a80000)
  from space 512K, 87% used [0x00000000d5d80000,0x00000000d5df0000,0x00000000d5e00000)
  to   space 1024K, 0% used [0x00000000d5c00000,0x00000000d5c00000,0x00000000d5d00000)
 ParOldGen       total 1098240K, used 163477K [0x0000000080000000, 0x00000000c3080000, 0x00000000d5580000)
  object space 1098240K, 14% used [0x0000000080000000,0x0000000089fa5528,0x00000000c3080000)
 Metaspace       used 82140K, committed 83712K, reserved 1179648K
  class space    used 8174K, committed 8896K, reserved 1048576K
}
Event: 1806685.637 GC heap before
{Heap before GC invocations=1714 (full 5):
 PSYoungGen      total 5632K, used 5568K [0x00000000d5580000, 0x00000000d5e00000, 0x0000000100000000)
  eden space 5120K, 100% used [0x00000000d5580000,0x00000000d5a80000,0x00000000d5a80000)
  from space 512K, 87% used [0x00000000d5d80000,0x00000000d5df0000,0x00000000d5e00000)
  to   space 1024K, 0% used [0x00000000d5c00000,0x00000000d5c00000,0x00000000d5d00000)
 ParOldGen       total 1098240K, used 163477K [0x0000000080000000, 0x00000000c3080000, 0x00000000d5580000)
  object space 1098240K, 14% used [0x0000000080000000,0x0000000089fa5528,0x00000000c3080000)
 Metaspace       used 82142K, committed 83712K, reserved 1179648K
  class space    used 8174K, committed 8896K, reserved 1048576K
}
Event: 1806685.639 GC heap after
{Heap after GC invocations=1714 (full 5):
 PSYoungGen      total 6144K, used 464K [0x00000000d5580000, 0x00000000d5e00000, 0x0000000100000000)
  eden space 5120K, 0% used [0x00000000d5580000,0x00000000d5580000,0x00000000d5a80000)
  from space 1024K, 45% used [0x00000000d5c00000,0x00000000d5c74010,0x00000000d5d00000)
  to   space 1024K, 0% used [0x00000000d5d00000,0x00000000d5d00000,0x00000000d5e00000)
 ParOldGen       total 1098240K, used 163477K [0x0000000080000000, 0x00000000c3080000, 0x00000000d5580000)
  object space 1098240K, 14% used [0x0000000080000000,0x0000000089fa5528,0x00000000c3080000)
 Metaspace       used 82142K, committed 83712K, reserved 1179648K
  class space    used 8174K, committed 8896K, reserved 1048576K
}
Event: 1806686.254 GC heap before
{Heap before GC invocations=1715 (full 5):
 PSYoungGen      total 6144K, used 5584K [0x00000000d5580000, 0x00000000d5e00000, 0x0000000100000000)
  eden space 5120K, 100% used [0x00000000d5580000,0x00000000d5a80000,0x00000000d5a80000)
  from space 1024K, 45% used [0x00000000d5c00000,0x00000000d5c74010,0x00000000d5d00000)
  to   space 1024K, 0% used [0x00000000d5d00000,0x00000000d5d00000,0x00000000d5e00000)
 ParOldGen       total 1098240K, used 163477K [0x0000000080000000, 0x00000000c3080000, 0x00000000d5580000)
  object space 1098240K, 14% used [0x0000000080000000,0x0000000089fa5528,0x00000000c3080000)
 Metaspace       used 82147K, committed 83712K, reserved 1179648K
  class space    used 8174K, committed 8896K, reserved 1048576K
}
Event: 1806686.259 GC heap after
{Heap after GC invocations=1715 (full 5):
 PSYoungGen      total 5632K, used 256K [0x00000000d5580000, 0x00000000d5d80000, 0x0000000100000000)
  eden space 5120K, 0% used [0x00000000d5580000,0x00000000d5580000,0x00000000d5a80000)
  from space 512K, 50% used [0x00000000d5d00000,0x00000000d5d40000,0x00000000d5d80000)
  to   space 512K, 0% used [0x00000000d5c80000,0x00000000d5c80000,0x00000000d5d00000)
 ParOldGen       total 1098240K, used 163842K [0x0000000080000000, 0x00000000c3080000, 0x00000000d5580000)
  object space 1098240K, 14% used [0x0000000080000000,0x000000008a0009b8,0x00000000c3080000)
 Metaspace       used 82147K, committed 83712K, reserved 1179648K
  class space    used 8174K, committed 8896K, reserved 1048576K
}
Event: 1806686.381 GC heap before
{Heap before GC invocations=1716 (full 5):
 PSYoungGen      total 5632K, used 5376K [0x00000000d5580000, 0x00000000d5d80000, 0x0000000100000000)
  eden space 5120K, 100% used [0x00000000d5580000,0x00000000d5a80000,0x00000000d5a80000)
  from space 512K, 50% used [0x00000000d5d00000,0x00000000d5d40000,0x00000000d5d80000)
  to   space 512K, 0% used [0x00000000d5c80000,0x00000000d5c80000,0x00000000d5d00000)
 ParOldGen       total 1098240K, used 163842K [0x0000000080000000, 0x00000000c3080000, 0x00000000d5580000)
  object space 1098240K, 14% used [0x0000000080000000,0x000000008a0009b8,0x00000000c3080000)
 Metaspace       used 82147K, committed 83712K, reserved 1179648K
  class space    used 8174K, committed 8896K, reserved 1048576K
}
Event: 1806686.407 GC heap after
{Heap after GC invocations=1716 (full 5):
 PSYoungGen      total 5632K, used 500K [0x00000000d5580000, 0x00000000d6280000, 0x0000000100000000)
  eden space 5120K, 0% used [0x00000000d5580000,0x00000000d5580000,0x00000000d5a80000)
  from space 512K, 97% used [0x00000000d5c80000,0x00000000d5cfd200,0x00000000d5d00000)
  to   space 4096K, 0% used [0x00000000d5e80000,0x00000000d5e80000,0x00000000d6280000)
 ParOldGen       total 1098240K, used 166454K [0x0000000080000000, 0x00000000c3080000, 0x00000000d5580000)
  object space 1098240K, 15% used [0x0000000080000000,0x000000008a28dbb8,0x00000000c3080000)
 Metaspace       used 82147K, committed 83712K, reserved 1179648K
  class space    used 8174K, committed 8896K, reserved 1048576K
}
Event: 1806686.464 GC heap before
{Heap before GC invocations=1717 (full 5):
 PSYoungGen      total 5632K, used 5620K [0x00000000d5580000, 0x00000000d6280000, 0x0000000100000000)
  eden space 5120K, 100% used [0x00000000d5580000,0x00000000d5a80000,0x00000000d5a80000)
  from space 512K, 97% used [0x00000000d5c80000,0x00000000d5cfd200,0x00000000d5d00000)
  to   space 4096K, 0% used [0x00000000d5e80000,0x00000000d5e80000,0x00000000d6280000)
 ParOldGen       total 1098240K, used 166454K [0x0000000080000000, 0x00000000c3080000, 0x00000000d5580000)
  object space 1098240K, 15% used [0x0000000080000000,0x000000008a28dbb8,0x00000000c3080000)
 Metaspace       used 82147K, committed 83712K, reserved 1179648K
  class space    used 8174K, committed 8896K, reserved 1048576K
}
Event: 1806686.475 GC heap after
{Heap after GC invocations=1717 (full 5):
 PSYoungGen      total 8704K, used 3952K [0x00000000d5580000, 0x00000000d6380000, 0x0000000100000000)
  eden space 4608K, 0% used [0x00000000d5580000,0x00000000d5580000,0x00000000d5a00000)
  from space 4096K, 96% used [0x00000000d5e80000,0x00000000d625c010,0x00000000d6280000)
  to   space 4608K, 0% used [0x00000000d5a00000,0x00000000d5a00000,0x00000000d5e80000)
 ParOldGen       total 1098240K, used 166734K [0x0000000080000000, 0x00000000c3080000, 0x00000000d5580000)
  object space 1098240K, 15% used [0x0000000080000000,0x000000008a2d3bc8,0x00000000c3080000)
 Metaspace       used 82147K, committed 83712K, reserved 1179648K
  class space    used 8174K, committed 8896K, reserved 1048576K
}
Event: 1806686.540 GC heap before
{Heap before GC invocations=1718 (full 5):
 PSYoungGen      total 8704K, used 8560K [0x00000000d5580000, 0x00000000d6380000, 0x0000000100000000)
  eden space 4608K, 100% used [0x00000000d5580000,0x00000000d5a00000,0x00000000d5a00000)
  from space 4096K, 96% used [0x00000000d5e80000,0x00000000d625c010,0x00000000d6280000)
  to   space 4608K, 0% used [0x00000000d5a00000,0x00000000d5a00000,0x00000000d5e80000)
 ParOldGen       total 1098240K, used 166734K [0x0000000080000000, 0x00000000c3080000, 0x00000000d5580000)
  object space 1098240K, 15% used [0x0000000080000000,0x000000008a2d3bc8,0x00000000c3080000)
 Metaspace       used 82147K, committed 83712K, reserved 1179648K
  class space    used 8174K, committed 8896K, reserved 1048576K
}
Event: 1806686.557 GC heap after
{Heap after GC invocations=1718 (full 5):
 PSYoungGen      total 8704K, used 3747K [0x00000000d5580000, 0x00000000d6200000, 0x0000000100000000)
  eden space 4608K, 0% used [0x00000000d5580000,0x00000000d5580000,0x00000000d5a00000)
  from space 4096K, 91% used [0x00000000d5a00000,0x00000000d5da8d60,0x00000000d5e00000)
  to   space 4096K, 0% used [0x00000000d5e00000,0x00000000d5e00000,0x00000000d6200000)
 ParOldGen       total 1098240K, used 167142K [0x0000000080000000, 0x00000000c3080000, 0x00000000d5580000)
  object space 1098240K, 15% used [0x0000000080000000,0x000000008a339bc8,0x00000000c3080000)
 Metaspace       used 82147K, committed 83712K, reserved 1179648K
  class space    used 8174K, committed 8896K, reserved 1048576K
}
Event: 1806687.061 GC heap before
{Heap before GC invocations=1719 (full 5):
 PSYoungGen      total 8704K, used 8355K [0x00000000d5580000, 0x00000000d6200000, 0x0000000100000000)
  eden space 4608K, 100% used [0x00000000d5580000,0x00000000d5a00000,0x00000000d5a00000)
  from space 4096K, 91% used [0x00000000d5a00000,0x00000000d5da8d60,0x00000000d5e00000)
  to   space 4096K, 0% used [0x00000000d5e00000,0x00000000d5e00000,0x00000000d6200000)
 ParOldGen       total 1098240K, used 167142K [0x0000000080000000, 0x00000000c3080000, 0x00000000d5580000)
  object space 1098240K, 15% used [0x0000000080000000,0x000000008a339bc8,0x00000000c3080000)
 Metaspace       used 82147K, committed 83712K, reserved 1179648K
  class space    used 8174K, committed 8896K, reserved 1048576K
}
Event: 1806687.113 GC heap after
{Heap after GC invocations=1719 (full 5):
 PSYoungGen      total 5632K, used 864K [0x00000000d5580000, 0x00000000d5f00000, 0x0000000100000000)
  eden space 4608K, 0% used [0x00000000d5580000,0x00000000d5580000,0x00000000d5a00000)
  from space 1024K, 84% used [0x00000000d5e00000,0x00000000d5ed8000,0x00000000d5f00000)
  to   space 2048K, 0% used [0x00000000d5b00000,0x00000000d5b00000,0x00000000d5d00000)
 ParOldGen       total 1098240K, used 170602K [0x0000000080000000, 0x00000000c3080000, 0x00000000d5580000)
  object space 1098240K, 15% used [0x0000000080000000,0x000000008a69a928,0x00000000c3080000)
 Metaspace       used 82147K, committed 83712K, reserved 1179648K
  class space    used 8174K, committed 8896K, reserved 1048576K
}
Event: 1806743.260 GC heap before
{Heap before GC invocations=1720 (full 5):
 PSYoungGen      total 5632K, used 5471K [0x00000000d5580000, 0x00000000d5f00000, 0x0000000100000000)
  eden space 4608K, 99% used [0x00000000d5580000,0x00000000d59fffd8,0x00000000d5a00000)
  from space 1024K, 84% used [0x00000000d5e00000,0x00000000d5ed8000,0x00000000d5f00000)
  to   space 2048K, 0% used [0x00000000d5b00000,0x00000000d5b00000,0x00000000d5d00000)
 ParOldGen       total 1098240K, used 170602K [0x0000000080000000, 0x00000000c3080000, 0x00000000d5580000)
  object space 1098240K, 15% used [0x0000000080000000,0x000000008a69a928,0x00000000c3080000)
 Metaspace       used 82290K, committed 83776K, reserved 1179648K
  class space    used 8202K, committed 8896K, reserved 1048576K
}
Event: 1806743.553 GC heap after
{Heap after GC invocations=1720 (full 5):
 PSYoungGen      total 6656K, used 657K [0x00000000d5580000, 0x00000000d5e80000, 0x0000000100000000)
  eden space 4608K, 0% used [0x00000000d5580000,0x00000000d5580000,0x00000000d5a00000)
  from space 2048K, 32% used [0x00000000d5b00000,0x00000000d5ba44b0,0x00000000d5d00000)
  to   space 1024K, 0% used [0x00000000d5d80000,0x00000000d5d80000,0x00000000d5e80000)
 ParOldGen       total 1098240K, used 171210K [0x0000000080000000, 0x00000000c3080000, 0x00000000d5580000)
  object space 1098240K, 15% used [0x0000000080000000,0x000000008a732928,0x00000000c3080000)
 Metaspace       used 82290K, committed 83776K, reserved 1179648K
  class space    used 8202K, committed 8896K, reserved 1048576K
}

