# JRE version: OpenJDK Runtime Environment Temurin-21.0.9+10 (21.0.9+10) (build 21.0.9+10-LTS)
# Java VM: OpenJDK 64-Bit Server VM Temurin-21.0.9+10 (21.0.9+10-LTS, mixed mode, sharing, tiered, compressed oops, compressed class ptrs, parallel gc, windows-amd64)
GC Precious Log:
 CardTable entry size: 512
 CPUs: 4 total, 4 available
 Memory: 4006M
 Large Page Support: Disabled
 NUMA Support: Disabled
 Compressed Oops: Enabled (32-bit)
 Alignments: Space 512K, Generation 512K, Heap 2M
 Heap Min Capacity: 100M
 Heap Initial Capacity: 100M
 Heap Max Capacity: 2G
 Pre-touch: Disabled
 Parallel Workers: 4
Heap:
 PSYoungGen      total 22016K, used 21090K [0x00000000d5580000, 0x00000000d7200000, 0x0000000100000000)
  eden space 17408K, 97% used [0x00000000d5580000,0x00000000d660fe20,0x00000000d6680000)
  from space 4608K, 89% used [0x00000000d6d80000,0x00000000d7188d60,0x00000000d7200000)
  to   space 5120K, 0% used [0x00000000d6800000,0x00000000d6800000,0x00000000d6d00000)
 ParOldGen       total 1017344K, used 489877K [0x0000000080000000, 0x00000000be180000, 0x00000000d5580000)
  object space 1017344K, 48% used [0x0000000080000000,0x000000009de655d0,0x00000000be180000)
 Metaspace       used 77930K, committed 79488K, reserved 1179648K
  class space    used 7993K, committed 8704K, reserved 1048576K
GC Heap History (20 events):
Event: 2173.203 GC heap before
{Heap before GC invocations=1191 (full 4):
 PSYoungGen      total 12800K, used 11797K [0x00000000d5580000, 0x00000000d6380000, 0x0000000100000000)
  eden space 11776K, 99% used [0x00000000d5580000,0x00000000d60ed750,0x00000000d6100000)
  from space 1024K, 9% used [0x00000000d6180000,0x00000000d6198000,0x00000000d6280000)
  to   space 512K, 0% used [0x00000000d6100000,0x00000000d6100000,0x00000000d6180000)
 ParOldGen       total 1017344K, used 473777K [0x0000000080000000, 0x00000000be180000, 0x00000000d5580000)
  object space 1017344K, 46% used [0x0000000080000000,0x000000009ceac718,0x00000000be180000)
 Metaspace       used 77810K, committed 79296K, reserved 1179648K
  class space    used 7990K, committed 8704K, reserved 1048576K
}
Event: 2173.218 GC heap after
{Heap after GC invocations=1191 (full 4):
 PSYoungGen      total 12288K, used 422K [0x00000000d5580000, 0x00000000d6480000, 0x0000000100000000)
  eden space 11776K, 0% used [0x00000000d5580000,0x00000000d5580000,0x00000000d6100000)
  from space 512K, 82% used [0x00000000d6100000,0x00000000d6169ba8,0x00000000d6180000)
  to   space 512K, 0% used [0x00000000d6400000,0x00000000d6400000,0x00000000d6480000)
 ParOldGen       total 1017344K, used 475235K [0x0000000080000000, 0x00000000be180000, 0x00000000d5580000)
  object space 1017344K, 46% used [0x0000000080000000,0x000000009d018c18,0x00000000be180000)
 Metaspace       used 77810K, committed 79296K, reserved 1179648K
  class space    used 7990K, committed 8704K, reserved 1048576K
}
Event: 2173.259 GC heap before
{Heap before GC invocations=1192 (full 4):
 PSYoungGen      total 12288K, used 12188K [0x00000000d5580000, 0x00000000d6480000, 0x0000000100000000)
  eden space 11776K, 99% used [0x00000000d5580000,0x00000000d60fd7c0,0x00000000d6100000)
  from space 512K, 82% used [0x00000000d6100000,0x00000000d6169ba8,0x00000000d6180000)
  to   space 512K, 0% used [0x00000000d6400000,0x00000000d6400000,0x00000000d6480000)
 ParOldGen       total 1017344K, used 475235K [0x0000000080000000, 0x00000000be180000, 0x00000000d5580000)
  object space 1017344K, 46% used [0x0000000080000000,0x000000009d018c18,0x00000000be180000)
 Metaspace       used 77810K, committed 79296K, reserved 1179648K
  class space    used 7990K, committed 8704K, reserved 1048576K
}
Event: 2173.277 GC heap after
{Heap after GC invocations=1192 (full 4):
 PSYoungGen      total 14848K, used 406K [0x00000000d5580000, 0x00000000d6480000, 0x0000000100000000)
  eden space 14336K, 0% used [0x00000000d5580000,0x00000000d5580000,0x00000000d6380000)
  from space 512K, 79% used [0x00000000d6400000,0x00000000d6465908,0x00000000d6480000)
  to   space 512K, 0% used [0x00000000d6380000,0x00000000d6380000,0x00000000d6400000)
 ParOldGen       total 1017344K, used 476692K [0x0000000080000000, 0x00000000be180000, 0x00000000d5580000)
  object space 1017344K, 46% used [0x0000000080000000,0x000000009d185118,0x00000000be180000)
 Metaspace       used 77810K, committed 79296K, reserved 1179648K
  class space    used 7990K, committed 8704K, reserved 1048576K
}
Event: 2173.331 GC heap before
{Heap before GC invocations=1193 (full 4):
 PSYoungGen      total 14848K, used 14742K [0x00000000d5580000, 0x00000000d6480000, 0x0000000100000000)
  eden space 14336K, 99% used [0x00000000d5580000,0x00000000d637ffe0,0x00000000d6380000)
  from space 512K, 79% used [0x00000000d6400000,0x00000000d6465908,0x00000000d6480000)
  to   space 512K, 0% used [0x00000000d6380000,0x00000000d6380000,0x00000000d6400000)
 ParOldGen       total 1017344K, used 476692K [0x0000000080000000, 0x00000000be180000, 0x00000000d5580000)
  object space 1017344K, 46% used [0x0000000080000000,0x000000009d185118,0x00000000be180000)
 Metaspace       used 77810K, committed 79296K, reserved 1179648K
  class space    used 7990K, committed 8704K, reserved 1048576K
}
Event: 2173.355 GC heap after
{Heap after GC invocations=1193 (full 4):
 PSYoungGen      total 14848K, used 361K [0x00000000d5580000, 0x00000000d6780000, 0x0000000100000000)
  eden space 14336K, 0% used [0x00000000d5580000,0x00000000d5580000,0x00000000d6380000)
  from space 512K, 70% used [0x00000000d6380000,0x00000000d63da788,0x00000000d6400000)
  to   space 512K, 0% used [0x00000000d6700000,0x00000000d6700000,0x00000000d6780000)
 ParOldGen       total 1017344K, used 479614K [0x0000000080000000, 0x00000000be180000, 0x00000000d5580000)
  object space 1017344K, 47% used [0x0000000080000000,0x000000009d45fb18,0x00000000be180000)
 Metaspace       used 77810K, committed 79296K, reserved 1179648K
  class space    used 7990K, committed 8704K, reserved 1048576K
}
Event: 2173.393 GC heap before
{Heap before GC invocations=1194 (full 4):
 PSYoungGen      total 14848K, used 13387K [0x00000000d5580000, 0x00000000d6780000, 0x0000000100000000)
  eden space 14336K, 90% used [0x00000000d5580000,0x00000000d6238860,0x00000000d6380000)
  from space 512K, 70% used [0x00000000d6380000,0x00000000d63da788,0x00000000d6400000)
  to   space 512K, 0% used [0x00000000d6700000,0x00000000d6700000,0x00000000d6780000)
 ParOldGen       total 1017344K, used 479614K [0x0000000080000000, 0x00000000be180000, 0x00000000d5580000)
  object space 1017344K, 47% used [0x0000000080000000,0x000000009d45fb18,0x00000000be180000)
 Metaspace       used 77810K, committed 79296K, reserved 1179648K
  class space    used 7990K, committed 8704K, reserved 1048576K
}
Event: 2173.396 GC heap after
{Heap after GC invocations=1194 (full 4):
 PSYoungGen      total 17920K, used 128K [0x00000000d5580000, 0x00000000d6780000, 0x0000000100000000)
  eden space 17408K, 0% used [0x00000000d5580000,0x00000000d5580000,0x00000000d6680000)
  from space 512K, 25% used [0x00000000d6700000,0x00000000d6720000,0x00000000d6780000)
  to   space 512K, 0% used [0x00000000d6680000,0x00000000d6680000,0x00000000d6700000)
 ParOldGen       total 1017344K, used 479614K [0x0000000080000000, 0x00000000be180000, 0x00000000d5580000)
  object space 1017344K, 47% used [0x0000000080000000,0x000000009d45fb18,0x00000000be180000)
 Metaspace       used 77810K, committed 79296K, reserved 1179648K
  class space    used 7990K, committed 8704K, reserved 1048576K
}
Event: 2176.529 GC heap before
{Heap before GC invocations=1195 (full 4):
 PSYoungGen      total 17920K, used 17536K [0x00000000d5580000, 0x00000000d6780000, 0x0000000100000000)
  eden space 17408K, 100% used [0x00000000d5580000,0x00000000d6680000,0x00000000d6680000)
  from space 512K, 25% used [0x00000000d6700000,0x00000000d6720000,0x00000000d6780000)
  to   space 512K, 0% used [0x00000000d6680000,0x00000000d6680000,0x00000000d6700000)
 ParOldGen       total 1017344K, used 479614K [0x0000000080000000, 0x00000000be180000, 0x00000000d5580000)
  object space 1017344K, 47% used [0x0000000080000000,0x000000009d45fb18,0x00000000be180000)
 Metaspace       used 77822K, committed 79360K, reserved 1179648K
  class space    used 7990K, committed 8704K, reserved 1048576K
}
Event: 2176.573 GC heap after
{Heap after GC invocations=1195 (full 4):
 PSYoungGen      total 17920K, used 500K [0x00000000d5580000, 0x00000000d7080000, 0x0000000100000000)
  eden space 17408K, 0% used [0x00000000d5580000,0x00000000d5580000,0x00000000d6680000)
  from space 512K, 97% used [0x00000000d6680000,0x00000000d66fd208,0x00000000d6700000)
  to   space 5120K, 0% used [0x00000000d6b80000,0x00000000d6b80000,0x00000000d7080000)
 ParOldGen       total 1017344K, used 483395K [0x0000000080000000, 0x00000000be180000, 0x00000000d5580000)
  object space 1017344K, 47% used [0x0000000080000000,0x000000009d810d30,0x00000000be180000)
 Metaspace       used 77822K, committed 79360K, reserved 1179648K
  class space    used 7990K, committed 8704K, reserved 1048576K
}
Event: 2179.013 GC heap before
{Heap before GC invocations=1196 (full 4):
 PSYoungGen      total 17920K, used 17908K [0x00000000d5580000, 0x00000000d7080000, 0x0000000100000000)
  eden space 17408K, 100% used [0x00000000d5580000,0x00000000d6680000,0x00000000d6680000)
  from space 512K, 97% used [0x00000000d6680000,0x00000000d66fd208,0x00000000d6700000)
  to   space 5120K, 0% used [0x00000000d6b80000,0x00000000d6b80000,0x00000000d7080000)
 ParOldGen       total 1017344K, used 483395K [0x0000000080000000, 0x00000000be180000, 0x00000000d5580000)
  object space 1017344K, 47% used [0x0000000080000000,0x000000009d810d30,0x00000000be180000)
 Metaspace       used 77829K, committed 79360K, reserved 1179648K
  class space    used 7990K, committed 8704K, reserved 1048576K
}
Event: 2179.022 GC heap after
{Heap after GC invocations=1196 (full 4):
 PSYoungGen      total 17920K, used 480K [0x00000000d5580000, 0x00000000d6c00000, 0x0000000100000000)
  eden space 17408K, 0% used [0x00000000d5580000,0x00000000d5580000,0x00000000d6680000)
  from space 512K, 93% used [0x00000000d6b80000,0x00000000d6bf8000,0x00000000d6c00000)
  to   space 2048K, 0% used [0x00000000d6800000,0x00000000d6800000,0x00000000d6a00000)
 ParOldGen       total 1017344K, used 483443K [0x0000000080000000, 0x00000000be180000, 0x00000000d5580000)
  object space 1017344K, 47% used [0x0000000080000000,0x000000009d81cd30,0x00000000be180000)
 Metaspace       used 77829K, committed 79360K, reserved 1179648K
  class space    used 7990K, committed 8704K, reserved 1048576K
}
Event: 2180.003 GC heap before
{Heap before GC invocations=1197 (full 4):
 PSYoungGen      total 17920K, used 17888K [0x00000000d5580000, 0x00000000d6c00000, 0x0000000100000000)
  eden space 17408K, 100% used [0x00000000d5580000,0x00000000d6680000,0x00000000d6680000)
  from space 512K, 93% used [0x00000000d6b80000,0x00000000d6bf8000,0x00000000d6c00000)
  to   space 2048K, 0% used [0x00000000d6800000,0x00000000d6800000,0x00000000d6a00000)
 ParOldGen       total 1017344K, used 483443K [0x0000000080000000, 0x00000000be180000, 0x00000000d5580000)
  object space 1017344K, 47% used [0x0000000080000000,0x000000009d81cd30,0x00000000be180000)
 Metaspace       used 77833K, committed 79360K, reserved 1179648K
  class space    used 7990K, committed 8704K, reserved 1048576K
}
Event: 2180.015 GC heap after
{Heap after GC invocations=1197 (full 4):
 PSYoungGen      total 19456K, used 2029K [0x00000000d5580000, 0x00000000d6c80000, 0x0000000100000000)
  eden space 17408K, 0% used [0x00000000d5580000,0x00000000d5580000,0x00000000d6680000)
  from space 2048K, 99% used [0x00000000d6800000,0x00000000d69fb7e0,0x00000000d6a00000)
  to   space 2560K, 0% used [0x00000000d6a00000,0x00000000d6a00000,0x00000000d6c80000)
 ParOldGen       total 1017344K, used 484043K [0x0000000080000000, 0x00000000be180000, 0x00000000d5580000)
  object space 1017344K, 47% used [0x0000000080000000,0x000000009d8b2d30,0x00000000be180000)
 Metaspace       used 77833K, committed 79360K, reserved 1179648K
  class space    used 7990K, committed 8704K, reserved 1048576K
}
Event: 2181.630 GC heap before
{Heap before GC invocations=1198 (full 4):
 PSYoungGen      total 19456K, used 19437K [0x00000000d5580000, 0x00000000d6c80000, 0x0000000100000000)
  eden space 17408K, 100% used [0x00000000d5580000,0x00000000d6680000,0x00000000d6680000)
  from space 2048K, 99% used [0x00000000d6800000,0x00000000d69fb7e0,0x00000000d6a00000)
  to   space 2560K, 0% used [0x00000000d6a00000,0x00000000d6a00000,0x00000000d6c80000)
 ParOldGen       total 1017344K, used 484043K [0x0000000080000000, 0x00000000be180000, 0x00000000d5580000)
  object space 1017344K, 47% used [0x0000000080000000,0x000000009d8b2d30,0x00000000be180000)
 Metaspace       used 77886K, committed 79424K, reserved 1179648K
  class space    used 7991K, committed 8704K, reserved 1048576K
}
Event: 2181.638 GC heap after
{Heap after GC invocations=1198 (full 4):
 PSYoungGen      total 18432K, used 867K [0x00000000d5580000, 0x00000000d6b00000, 0x0000000100000000)
  eden space 17408K, 0% used [0x00000000d5580000,0x00000000d5580000,0x00000000d6680000)
  from space 1024K, 84% used [0x00000000d6a00000,0x00000000d6ad8d60,0x00000000d6b00000)
  to   space 1536K, 0% used [0x00000000d6800000,0x00000000d6800000,0x00000000d6980000)
 ParOldGen       total 1017344K, used 484456K [0x0000000080000000, 0x00000000be180000, 0x00000000d5580000)
  object space 1017344K, 47% used [0x0000000080000000,0x000000009d91a1b0,0x00000000be180000)
 Metaspace       used 77886K, committed 79424K, reserved 1179648K
  class space    used 7991K, committed 8704K, reserved 1048576K
}
Event: 2183.558 GC heap before
{Heap before GC invocations=1199 (full 4):
 PSYoungGen      total 18432K, used 18159K [0x00000000d5580000, 0x00000000d6b00000, 0x0000000100000000)
  eden space 17408K, 99% used [0x00000000d5580000,0x00000000d66630a8,0x00000000d6680000)
  from space 1024K, 84% used [0x00000000d6a00000,0x00000000d6ad8d60,0x00000000d6b00000)
  to   space 1536K, 0% used [0x00000000d6800000,0x00000000d6800000,0x00000000d6980000)
 ParOldGen       total 1017344K, used 484456K [0x0000000080000000, 0x00000000be180000, 0x00000000d5580000)
  object space 1017344K, 47% used [0x0000000080000000,0x000000009d91a1b0,0x00000000be180000)
 Metaspace       used 77915K, committed 79488K, reserved 1179648K
  class space    used 7993K, committed 8704K, reserved 1048576K
}
Event: 2183.624 GC heap after
{Heap after GC invocations=1199 (full 4):
 PSYoungGen      total 18944K, used 1525K [0x00000000d5580000, 0x00000000d7480000, 0x0000000100000000)
  eden space 17408K, 0% used [0x00000000d5580000,0x00000000d5580000,0x00000000d6680000)
  from space 1536K, 99% used [0x00000000d6800000,0x00000000d697d410,0x00000000d6980000)
  to   space 7168K, 0% used [0x00000000d6d80000,0x00000000d6d80000,0x00000000d7480000)
 ParOldGen       total 1017344K, used 488788K [0x0000000080000000, 0x00000000be180000, 0x00000000d5580000)
  object space 1017344K, 48% used [0x0000000080000000,0x000000009dd551c0,0x00000000be180000)
 Metaspace       used 77915K, committed 79488K, reserved 1179648K
  class space    used 7993K, committed 8704K, reserved 1048576K
}
Event: 2197.409 GC heap before
{Heap before GC invocations=1200 (full 4):
 PSYoungGen      total 18944K, used 18931K [0x00000000d5580000, 0x00000000d7480000, 0x0000000100000000)
  eden space 17408K, 99% used [0x00000000d5580000,0x00000000d667fb38,0x00000000d6680000)
  from space 1536K, 99% used [0x00000000d6800000,0x00000000d697d410,0x00000000d6980000)
  to   space 7168K, 0% used [0x00000000d6d80000,0x00000000d6d80000,0x00000000d7480000)
 ParOldGen       total 1017344K, used 488788K [0x0000000080000000, 0x00000000be180000, 0x00000000d5580000)
  object space 1017344K, 48% used [0x0000000080000000,0x000000009dd551c0,0x00000000be180000)
 Metaspace       used 77926K, committed 79488K, reserved 1179648K
  class space    used 7993K, committed 8704K, reserved 1048576K
}
Event: 2197.433 GC heap after
{Heap after GC invocations=1200 (full 4):
 PSYoungGen      total 22016K, used 4131K [0x00000000d5580000, 0x00000000d7200000, 0x0000000100000000)
  eden space 17408K, 0% used [0x00000000d5580000,0x00000000d5580000,0x00000000d6680000)
  from space 4608K, 89% used [0x00000000d6d80000,0x00000000d7188d60,0x00000000d7200000)
  to   space 5120K, 0% used [0x00000000d6800000,0x00000000d6800000,0x00000000d6d00000)
 ParOldGen       total 1017344K, used 489877K [0x0000000080000000, 0x00000000be180000, 0x00000000d5580000)
  object space 1017344K, 48% used [0x0000000080000000,0x000000009de655d0,0x00000000be180000)
 Metaspace       used 77926K, committed 79488K, reserved 1179648K
  class space    used 7993K, committed 8704K, reserved 1048576K
}

